  [1m[36m (1.7ms)[0m  [1mCREATE TABLE "schema_migrations" ("version" varchar NOT NULL) [0m
  [1m[35m (0.1ms)[0m  select sqlite_version(*)
  [1m[36m (1.6ms)[0m  [1mCREATE UNIQUE INDEX "unique_schema_migrations" ON "schema_migrations" ("version")[0m
  [1m[35mActiveRecord::SchemaMigration Load (0.1ms)[0m  SELECT "schema_migrations".* FROM "schema_migrations"


Started GET "/" for ::1 at 2015-11-17 17:47:54 -0600
Processing by Rails::WelcomeController#index as HTML
  Rendered /Users/admin/.rvm/gems/ruby-2.1.2/gems/railties-4.2.3/lib/rails/templates/rails/welcome/index.html.erb (2.8ms)
Completed 200 OK in 27ms (Views: 19.4ms | ActiveRecord: 0.0ms)
  [1m[36mActiveRecord::SchemaMigration Load (0.1ms)[0m  [1mSELECT "schema_migrations".* FROM "schema_migrations"[0m
Migrating to CreateStudents (1)
  [1m[35m (0.1ms)[0m  begin transaction
  [1m[36m (0.4ms)[0m  [1mCREATE TABLE "students" ("id" INTEGER PRIMARY KEY AUTOINCREMENT NOT NULL, "first_name" varchar, "last_name" varchar, "created_at" datetime NOT NULL, "updated_at" datetime NOT NULL) [0m
  [1m[35mSQL (0.3ms)[0m  INSERT INTO "schema_migrations" ("version") VALUES (?)  [["version", "1"]]
  [1m[36m (1.4ms)[0m  [1mcommit transaction[0m
  [1m[35mActiveRecord::SchemaMigration Load (0.1ms)[0m  SELECT "schema_migrations".* FROM "schema_migrations"
  [1m[36m (0.1ms)[0m  [1mbegin transaction[0m
  [1m[35mSQL (0.3ms)[0m  INSERT INTO "students" ("first_name", "last_name", "created_at", "updated_at") VALUES (?, ?, ?, ?)  [["first_name", "Jordan"], ["last_name", "Hudgens"], ["created_at", "2015-11-18 00:10:55.545365"], ["updated_at", "2015-11-18 00:10:55.545365"]]
  [1m[36m (2.9ms)[0m  [1mcommit transaction[0m
  [1m[35mStudent Load (0.2ms)[0m  SELECT  "students".* FROM "students"  ORDER BY "students"."id" DESC LIMIT 1
  [1m[36m (0.1ms)[0m  [1mbegin transaction[0m
  [1m[35mSQL (0.3ms)[0m  INSERT INTO "students" ("created_at", "updated_at") VALUES (?, ?)  [["created_at", "2015-11-18 00:17:49.095449"], ["updated_at", "2015-11-18 00:17:49.095449"]]
  [1m[36m (1.2ms)[0m  [1mcommit transaction[0m
  [1m[35mStudent Load (0.2ms)[0m  SELECT  "students".* FROM "students"  ORDER BY "students"."id" DESC LIMIT 1
  [1m[36mActiveRecord::SchemaMigration Load (0.1ms)[0m  [1mSELECT "schema_migrations".* FROM "schema_migrations"[0m
  [1m[35mActiveRecord::SchemaMigration Load (0.1ms)[0m  SELECT "schema_migrations".* FROM "schema_migrations"


Started GET "/" for ::1 at 2015-11-18 13:36:42 -0600
  [1m[36mActiveRecord::SchemaMigration Load (0.1ms)[0m  [1mSELECT "schema_migrations".* FROM "schema_migrations"[0m
Processing by Rails::WelcomeController#index as HTML
  Rendered /Users/admin/.rvm/gems/ruby-2.1.2/gems/railties-4.2.3/lib/rails/templates/rails/welcome/index.html.erb (2.4ms)
Completed 200 OK in 39ms (Views: 24.5ms | ActiveRecord: 0.0ms)


Started GET "/" for ::1 at 2015-11-18 13:37:10 -0600
Processing by Rails::WelcomeController#index as HTML
  Rendered /Users/admin/.rvm/gems/ruby-2.1.2/gems/railties-4.2.3/lib/rails/templates/rails/welcome/index.html.erb (0.0ms)
Completed 200 OK in 1ms (Views: 0.7ms | ActiveRecord: 0.0ms)
  [1m[36mActiveRecord::SchemaMigration Load (2.2ms)[0m  [1mSELECT "schema_migrations".* FROM "schema_migrations"[0m
Migrating to CreateSchoolClass (20171128214313)
  [1m[35m (0.1ms)[0m  begin transaction
  [1m[36m (0.8ms)[0m  [1mCREATE TABLE "school_classes" ("id" INTEGER PRIMARY KEY AUTOINCREMENT NOT NULL, "title" varchar, "room_number" integer) [0m
  [1m[35mSQL (0.5ms)[0m  INSERT INTO "schema_migrations" ("version") VALUES (?)  [["version", "20171128214313"]]
  [1m[36m (9.2ms)[0m  [1mcommit transaction[0m
  [1m[35mActiveRecord::SchemaMigration Load (0.1ms)[0m  SELECT "schema_migrations".* FROM "schema_migrations"


Started GET "/" for ::1 at 2017-11-28 17:16:44 -0500
  [1m[36mActiveRecord::SchemaMigration Load (2.3ms)[0m  [1mSELECT "schema_migrations".* FROM "schema_migrations"[0m
Processing by Rails::WelcomeController#index as HTML
  Rendered /Users/Brendan/.rvm/gems/ruby-2.3.1/gems/railties-4.2.3/lib/rails/templates/rails/welcome/index.html.erb (5.2ms)
Completed 200 OK in 48ms (Views: 32.2ms | ActiveRecord: 0.0ms)


Started GET "/students" for ::1 at 2017-11-28 17:16:52 -0500
Processing by StudentsController#index as HTML
  [1m[35mStudent Load (2.5ms)[0m  SELECT "students".* FROM "students"
  Rendered students/index.html.erb within layouts/application (38.8ms)
Completed 500 Internal Server Error in 63ms (ActiveRecord: 3.4ms)

ActionView::Template::Error (undefined local variable or method `student' for #<#<Class:0x007fc9fe07c310>:0x007fc9fc503610>
Did you mean?  student_url
               @students):
    1: <% @students.each do |post| %>
    2:   <div><%= student.to_s %></div>
    3: <% end %>
  app/views/students/index.html.erb:2:in `block in _app_views_students_index_html_erb__112411568599394461_70252749131080'
  app/views/students/index.html.erb:1:in `_app_views_students_index_html_erb__112411568599394461_70252749131080'


  Rendered /Users/Brendan/.rvm/gems/ruby-2.3.1/gems/actionpack-4.2.3/lib/action_dispatch/middleware/templates/rescues/_source.erb (6.8ms)
  Rendered /Users/Brendan/.rvm/gems/ruby-2.3.1/gems/actionpack-4.2.3/lib/action_dispatch/middleware/templates/rescues/_trace.html.erb (3.4ms)
  Rendered /Users/Brendan/.rvm/gems/ruby-2.3.1/gems/actionpack-4.2.3/lib/action_dispatch/middleware/templates/rescues/_request_and_response.html.erb (1.1ms)
  Rendered /Users/Brendan/.rvm/gems/ruby-2.3.1/gems/actionpack-4.2.3/lib/action_dispatch/middleware/templates/rescues/template_error.html.erb within rescues/layout (97.5ms)
  Rendered /Users/Brendan/.rvm/gems/ruby-2.3.1/gems/web-console-2.2.1/lib/web_console/templates/_markup.html.erb (0.6ms)
  Rendered /Users/Brendan/.rvm/gems/ruby-2.3.1/gems/web-console-2.2.1/lib/web_console/templates/_inner_console_markup.html.erb within layouts/inlined_string (0.4ms)
  Rendered /Users/Brendan/.rvm/gems/ruby-2.3.1/gems/web-console-2.2.1/lib/web_console/templates/_prompt_box_markup.html.erb within layouts/inlined_string (0.3ms)
  Rendered /Users/Brendan/.rvm/gems/ruby-2.3.1/gems/web-console-2.2.1/lib/web_console/templates/style.css.erb within layouts/inlined_string (0.6ms)
  Rendered /Users/Brendan/.rvm/gems/ruby-2.3.1/gems/web-console-2.2.1/lib/web_console/templates/console.js.erb within layouts/javascript (78.1ms)
  Rendered /Users/Brendan/.rvm/gems/ruby-2.3.1/gems/web-console-2.2.1/lib/web_console/templates/main.js.erb within layouts/javascript (0.3ms)
  Rendered /Users/Brendan/.rvm/gems/ruby-2.3.1/gems/web-console-2.2.1/lib/web_console/templates/error_page.js.erb within layouts/javascript (0.4ms)
  Rendered /Users/Brendan/.rvm/gems/ruby-2.3.1/gems/web-console-2.2.1/lib/web_console/templates/index.html.erb (179.2ms)


Started GET "/students" for ::1 at 2017-11-28 17:17:16 -0500
Processing by StudentsController#index as HTML
  [1m[36mStudent Load (2.4ms)[0m  [1mSELECT "students".* FROM "students"[0m
  Rendered students/index.html.erb within layouts/application (16.2ms)
Completed 500 Internal Server Error in 24ms (ActiveRecord: 2.4ms)

ActionView::Template::Error (undefined method `+' for nil:NilClass):
    1: <% @students.each do |student| %>
    2:   <div><%= student.to_s %></div>
    3: <% end %>
  app/models/student.rb:3:in `to_s'
  app/views/students/index.html.erb:2:in `block in _app_views_students_index_html_erb__112411568599394461_70252765018920'
  app/views/students/index.html.erb:1:in `_app_views_students_index_html_erb__112411568599394461_70252765018920'


  Rendered /Users/Brendan/.rvm/gems/ruby-2.3.1/gems/actionpack-4.2.3/lib/action_dispatch/middleware/templates/rescues/_source.erb (6.0ms)
  Rendered /Users/Brendan/.rvm/gems/ruby-2.3.1/gems/actionpack-4.2.3/lib/action_dispatch/middleware/templates/rescues/_trace.html.erb (3.5ms)
  Rendered /Users/Brendan/.rvm/gems/ruby-2.3.1/gems/actionpack-4.2.3/lib/action_dispatch/middleware/templates/rescues/_request_and_response.html.erb (1.7ms)
  Rendered /Users/Brendan/.rvm/gems/ruby-2.3.1/gems/actionpack-4.2.3/lib/action_dispatch/middleware/templates/rescues/template_error.html.erb within rescues/layout (79.5ms)
  Rendered /Users/Brendan/.rvm/gems/ruby-2.3.1/gems/web-console-2.2.1/lib/web_console/templates/_markup.html.erb (0.5ms)
  Rendered /Users/Brendan/.rvm/gems/ruby-2.3.1/gems/web-console-2.2.1/lib/web_console/templates/_inner_console_markup.html.erb within layouts/inlined_string (0.5ms)
  Rendered /Users/Brendan/.rvm/gems/ruby-2.3.1/gems/web-console-2.2.1/lib/web_console/templates/_prompt_box_markup.html.erb within layouts/inlined_string (0.6ms)
  Rendered /Users/Brendan/.rvm/gems/ruby-2.3.1/gems/web-console-2.2.1/lib/web_console/templates/style.css.erb within layouts/inlined_string (0.4ms)
  Rendered /Users/Brendan/.rvm/gems/ruby-2.3.1/gems/web-console-2.2.1/lib/web_console/templates/console.js.erb within layouts/javascript (76.6ms)
  Rendered /Users/Brendan/.rvm/gems/ruby-2.3.1/gems/web-console-2.2.1/lib/web_console/templates/main.js.erb within layouts/javascript (0.3ms)
  Rendered /Users/Brendan/.rvm/gems/ruby-2.3.1/gems/web-console-2.2.1/lib/web_console/templates/error_page.js.erb within layouts/javascript (1.7ms)
  Rendered /Users/Brendan/.rvm/gems/ruby-2.3.1/gems/web-console-2.2.1/lib/web_console/templates/index.html.erb (162.9ms)
  [1m[36mActiveRecord::SchemaMigration Load (2.5ms)[0m  [1mSELECT "schema_migrations".* FROM "schema_migrations"[0m
  [1m[35m (0.1ms)[0m  begin transaction
  [1m[36mSQL (2.9ms)[0m  [1mINSERT INTO "students" ("first_name", "last_name", "created_at", "updated_at") VALUES (?, ?, ?, ?)[0m  [["first_name", "Brendan"], ["last_name", "McIlhenny"], ["created_at", "2017-11-28 22:20:22.275299"], ["updated_at", "2017-11-28 22:20:22.275299"]]
  [1m[35m (3.8ms)[0m  commit transaction
  [1m[36m (0.1ms)[0m  [1mbegin transaction[0m
  [1m[35mSQL (0.5ms)[0m  INSERT INTO "students" ("first_name", "last_name", "created_at", "updated_at") VALUES (?, ?, ?, ?)  [["first_name", "Andrew"], ["last_name", "Bernard"], ["created_at", "2017-11-28 22:20:22.289407"], ["updated_at", "2017-11-28 22:20:22.289407"]]
  [1m[36m (3.1ms)[0m  [1mcommit transaction[0m
  [1m[36mActiveRecord::SchemaMigration Load (2.3ms)[0m  [1mSELECT "schema_migrations".* FROM "schema_migrations"[0m
  [1m[35m (0.2ms)[0m  begin transaction
  [1m[36mSQL (3.2ms)[0m  [1mINSERT INTO "students" ("first_name", "last_name", "created_at", "updated_at") VALUES (?, ?, ?, ?)[0m  [["first_name", "Brendan"], ["last_name", "McIlhenny"], ["created_at", "2017-11-28 22:22:39.721925"], ["updated_at", "2017-11-28 22:22:39.721925"]]
  [1m[35m (3.6ms)[0m  commit transaction
  [1m[36m (0.1ms)[0m  [1mbegin transaction[0m
  [1m[35mSQL (0.7ms)[0m  INSERT INTO "students" ("first_name", "last_name", "created_at", "updated_at") VALUES (?, ?, ?, ?)  [["first_name", "Andrew"], ["last_name", "Bernard"], ["created_at", "2017-11-28 22:22:39.739942"], ["updated_at", "2017-11-28 22:22:39.739942"]]
  [1m[36m (3.7ms)[0m  [1mcommit transaction[0m
  [1m[35m (0.2ms)[0m  begin transaction
  [1m[36mSQL (2.9ms)[0m  [1mINSERT INTO "school_classes" ("title", "room_number") VALUES (?, ?)[0m  [["title", "Fourth Grade"], ["room_number", 4]]
  [1m[35m (17.6ms)[0m  commit transaction
  [1m[36m (0.1ms)[0m  [1mbegin transaction[0m
  [1m[35mSQL (2.1ms)[0m  INSERT INTO "school_classes" ("title", "room_number") VALUES (?, ?)  [["title", "First Grade"], ["room_number", 1]]
  [1m[36m (19.0ms)[0m  [1mcommit transaction[0m
  [1m[36mStudent Load (7.7ms)[0m  [1mSELECT "students".* FROM "students"[0m
  [1m[35mStudent Load (2.3ms)[0m  SELECT  "students".* FROM "students" WHERE "students"."id" = ? LIMIT 1  [["id", 4]]
  [1m[36mStudent Load (0.4ms)[0m  [1mSELECT  "students".* FROM "students" WHERE "students"."id" = ? LIMIT 1[0m  [["id", 4]]
  [1m[35m (0.2ms)[0m  begin transaction
  [1m[36mSQL (0.7ms)[0m  [1mDELETE FROM "students" WHERE "students"."id" = ?[0m  [["id", 4]]
  [1m[35m (3.1ms)[0m  commit transaction
  [1m[36mStudent Load (0.6ms)[0m  [1mSELECT  "students".* FROM "students" WHERE "students"."id" = ? LIMIT 1[0m  [["id", 5]]
  [1m[35m (0.1ms)[0m  begin transaction
  [1m[36mSQL (0.5ms)[0m  [1mDELETE FROM "students" WHERE "students"."id" = ?[0m  [["id", 5]]
  [1m[35m (3.2ms)[0m  commit transaction
  [1m[36mStudent Load (0.6ms)[0m  [1mSELECT "students".* FROM "students"[0m
  [1m[35mStudent Load (0.4ms)[0m  SELECT "students".* FROM "students"
  [1m[36mStudent Load (0.3ms)[0m  [1mSELECT  "students".* FROM "students" WHERE "students"."id" = ? LIMIT 1[0m  [["id", 1]]
  [1m[35m (0.1ms)[0m  begin transaction
  [1m[36mSQL (0.8ms)[0m  [1mDELETE FROM "students" WHERE "students"."id" = ?[0m  [["id", 1]]
  [1m[35m (3.4ms)[0m  commit transaction
  [1m[36mStudent Load (0.3ms)[0m  [1mSELECT  "students".* FROM "students" WHERE "students"."id" = ? LIMIT 1[0m  [["id", 2]]
  [1m[35m (0.1ms)[0m  begin transaction
  [1m[36mSQL (0.7ms)[0m  [1mDELETE FROM "students" WHERE "students"."id" = ?[0m  [["id", 2]]
  [1m[35m (6.6ms)[0m  commit transaction
  [1m[36mStudent Load (0.4ms)[0m  [1mSELECT "students".* FROM "students"[0m
  [1m[35mStudent Load (0.3ms)[0m  SELECT "students".* FROM "students"
  [1m[36mSchoolClass Load (2.5ms)[0m  [1mSELECT "school_classes".* FROM "school_classes"[0m
  [1m[35mSchoolClass Load (0.4ms)[0m  SELECT "school_classes".* FROM "school_classes"


Started GET "/students" for ::1 at 2017-11-28 17:24:31 -0500
  [1m[36mActiveRecord::SchemaMigration Load (2.9ms)[0m  [1mSELECT "schema_migrations".* FROM "schema_migrations"[0m
Processing by StudentsController#index as HTML
  [1m[35mStudent Load (2.3ms)[0m  SELECT "students".* FROM "students"
  Rendered students/index.html.erb within layouts/application (19.4ms)
Completed 200 OK in 1435ms (Views: 1418.5ms | ActiveRecord: 2.6ms)


Started GET "/students/new" for ::1 at 2017-11-28 17:24:40 -0500
Processing by StudentsController#new as HTML
  Rendered students/new.html.erb within layouts/application (48.5ms)
Completed 200 OK in 95ms (Views: 93.8ms | ActiveRecord: 0.0ms)


Started POST "/students" for ::1 at 2017-11-28 17:24:50 -0500
Processing by StudentsController#create as HTML
  Parameters: {"utf8"=>"✓", "authenticity_token"=>"rF37lare1VfetNBaCbqQlu2jaSqfOFLRDohTHIWCtmhhKqGMJMiniHswI8HNcvW21nCHSAB5zMiIIvN5YUn+KQ==", "student"=>{"first_name"=>"Michael ", "last_name"=>"Scott"}, "commit"=>"Create Student"}
  [1m[36m (0.8ms)[0m  [1mbegin transaction[0m
  [1m[35mSQL (7.7ms)[0m  INSERT INTO "students" ("first_name", "last_name", "created_at", "updated_at") VALUES (?, ?, ?, ?)  [["first_name", "Michael "], ["last_name", "Scott"], ["created_at", "2017-11-28 22:24:50.430259"], ["updated_at", "2017-11-28 22:24:50.430259"]]
  [1m[36m (2.9ms)[0m  [1mcommit transaction[0m
Redirected to http://localhost:3000/students/7
Completed 302 Found in 39ms (ActiveRecord: 11.3ms)


Started GET "/students/7" for ::1 at 2017-11-28 17:24:50 -0500
Processing by StudentsController#show as HTML
  Parameters: {"id"=>"7"}
  [1m[35mStudent Load (0.2ms)[0m  SELECT  "students".* FROM "students" WHERE "students"."id" = ? LIMIT 1  [["id", 7]]
  Rendered students/show.html.erb within layouts/application (1.2ms)
Completed 200 OK in 83ms (Views: 47.7ms | ActiveRecord: 0.2ms)


Started GET "/students" for ::1 at 2017-11-28 17:24:55 -0500
Processing by StudentsController#index as HTML
  [1m[36mStudent Load (0.2ms)[0m  [1mSELECT "students".* FROM "students"[0m
  Rendered students/index.html.erb within layouts/application (0.7ms)
Completed 200 OK in 30ms (Views: 28.9ms | ActiveRecord: 0.2ms)


Started GET "/school_class" for ::1 at 2017-11-28 17:25:05 -0500

ActionController::RoutingError (No route matches [GET] "/school_class"):
  actionpack (4.2.3) lib/action_dispatch/middleware/debug_exceptions.rb:21:in `call'
  web-console (2.2.1) lib/web_console/middleware.rb:39:in `call'
  actionpack (4.2.3) lib/action_dispatch/middleware/show_exceptions.rb:30:in `call'
  railties (4.2.3) lib/rails/rack/logger.rb:38:in `call_app'
  railties (4.2.3) lib/rails/rack/logger.rb:20:in `block in call'
  activesupport (4.2.3) lib/active_support/tagged_logging.rb:68:in `block in tagged'
  activesupport (4.2.3) lib/active_support/tagged_logging.rb:26:in `tagged'
  activesupport (4.2.3) lib/active_support/tagged_logging.rb:68:in `tagged'
  railties (4.2.3) lib/rails/rack/logger.rb:20:in `call'
  actionpack (4.2.3) lib/action_dispatch/middleware/request_id.rb:21:in `call'
  rack (1.6.4) lib/rack/methodoverride.rb:22:in `call'
  rack (1.6.4) lib/rack/runtime.rb:18:in `call'
  activesupport (4.2.3) lib/active_support/cache/strategy/local_cache_middleware.rb:28:in `call'
  rack (1.6.4) lib/rack/lock.rb:17:in `call'
  actionpack (4.2.3) lib/action_dispatch/middleware/static.rb:116:in `call'
  rack (1.6.4) lib/rack/sendfile.rb:113:in `call'
  railties (4.2.3) lib/rails/engine.rb:518:in `call'
  railties (4.2.3) lib/rails/application.rb:165:in `call'
  rack (1.6.4) lib/rack/lock.rb:17:in `call'
  rack (1.6.4) lib/rack/content_length.rb:15:in `call'
  rack (1.6.4) lib/rack/handler/webrick.rb:88:in `service'
  /Users/Brendan/.rvm/rubies/ruby-2.3.1/lib/ruby/2.3.0/webrick/httpserver.rb:140:in `service'
  /Users/Brendan/.rvm/rubies/ruby-2.3.1/lib/ruby/2.3.0/webrick/httpserver.rb:96:in `run'
  /Users/Brendan/.rvm/rubies/ruby-2.3.1/lib/ruby/2.3.0/webrick/server.rb:296:in `block in start_thread'


  Rendered /Users/Brendan/.rvm/gems/ruby-2.3.1/gems/actionpack-4.2.3/lib/action_dispatch/middleware/templates/rescues/_trace.html.erb (2.9ms)
  Rendered /Users/Brendan/.rvm/gems/ruby-2.3.1/gems/actionpack-4.2.3/lib/action_dispatch/middleware/templates/routes/_route.html.erb (2.0ms)
  Rendered /Users/Brendan/.rvm/gems/ruby-2.3.1/gems/actionpack-4.2.3/lib/action_dispatch/middleware/templates/routes/_table.html.erb (5.8ms)
  Rendered /Users/Brendan/.rvm/gems/ruby-2.3.1/gems/actionpack-4.2.3/lib/action_dispatch/middleware/templates/rescues/_request_and_response.html.erb (2.7ms)
  Rendered /Users/Brendan/.rvm/gems/ruby-2.3.1/gems/actionpack-4.2.3/lib/action_dispatch/middleware/templates/rescues/routing_error.html.erb within rescues/layout (134.2ms)
  Rendered /Users/Brendan/.rvm/gems/ruby-2.3.1/gems/web-console-2.2.1/lib/web_console/templates/_markup.html.erb (0.6ms)
  Rendered /Users/Brendan/.rvm/gems/ruby-2.3.1/gems/web-console-2.2.1/lib/web_console/templates/_inner_console_markup.html.erb within layouts/inlined_string (0.5ms)
  Rendered /Users/Brendan/.rvm/gems/ruby-2.3.1/gems/web-console-2.2.1/lib/web_console/templates/_prompt_box_markup.html.erb within layouts/inlined_string (0.5ms)
  Rendered /Users/Brendan/.rvm/gems/ruby-2.3.1/gems/web-console-2.2.1/lib/web_console/templates/style.css.erb within layouts/inlined_string (0.6ms)
  Rendered /Users/Brendan/.rvm/gems/ruby-2.3.1/gems/web-console-2.2.1/lib/web_console/templates/console.js.erb within layouts/javascript (80.2ms)
  Rendered /Users/Brendan/.rvm/gems/ruby-2.3.1/gems/web-console-2.2.1/lib/web_console/templates/main.js.erb within layouts/javascript (0.5ms)
  Rendered /Users/Brendan/.rvm/gems/ruby-2.3.1/gems/web-console-2.2.1/lib/web_console/templates/error_page.js.erb within layouts/javascript (0.6ms)
  Rendered /Users/Brendan/.rvm/gems/ruby-2.3.1/gems/web-console-2.2.1/lib/web_console/templates/index.html.erb (178.7ms)


Started GET "/schoolclasses" for ::1 at 2017-11-28 17:25:12 -0500

ActionController::RoutingError (No route matches [GET] "/schoolclasses"):
  actionpack (4.2.3) lib/action_dispatch/middleware/debug_exceptions.rb:21:in `call'
  web-console (2.2.1) lib/web_console/middleware.rb:39:in `call'
  actionpack (4.2.3) lib/action_dispatch/middleware/show_exceptions.rb:30:in `call'
  railties (4.2.3) lib/rails/rack/logger.rb:38:in `call_app'
  railties (4.2.3) lib/rails/rack/logger.rb:20:in `block in call'
  activesupport (4.2.3) lib/active_support/tagged_logging.rb:68:in `block in tagged'
  activesupport (4.2.3) lib/active_support/tagged_logging.rb:26:in `tagged'
  activesupport (4.2.3) lib/active_support/tagged_logging.rb:68:in `tagged'
  railties (4.2.3) lib/rails/rack/logger.rb:20:in `call'
  actionpack (4.2.3) lib/action_dispatch/middleware/request_id.rb:21:in `call'
  rack (1.6.4) lib/rack/methodoverride.rb:22:in `call'
  rack (1.6.4) lib/rack/runtime.rb:18:in `call'
  activesupport (4.2.3) lib/active_support/cache/strategy/local_cache_middleware.rb:28:in `call'
  rack (1.6.4) lib/rack/lock.rb:17:in `call'
  actionpack (4.2.3) lib/action_dispatch/middleware/static.rb:116:in `call'
  rack (1.6.4) lib/rack/sendfile.rb:113:in `call'
  railties (4.2.3) lib/rails/engine.rb:518:in `call'
  railties (4.2.3) lib/rails/application.rb:165:in `call'
  rack (1.6.4) lib/rack/lock.rb:17:in `call'
  rack (1.6.4) lib/rack/content_length.rb:15:in `call'
  rack (1.6.4) lib/rack/handler/webrick.rb:88:in `service'
  /Users/Brendan/.rvm/rubies/ruby-2.3.1/lib/ruby/2.3.0/webrick/httpserver.rb:140:in `service'
  /Users/Brendan/.rvm/rubies/ruby-2.3.1/lib/ruby/2.3.0/webrick/httpserver.rb:96:in `run'
  /Users/Brendan/.rvm/rubies/ruby-2.3.1/lib/ruby/2.3.0/webrick/server.rb:296:in `block in start_thread'


  Rendered /Users/Brendan/.rvm/gems/ruby-2.3.1/gems/actionpack-4.2.3/lib/action_dispatch/middleware/templates/rescues/_trace.html.erb (3.0ms)
  Rendered /Users/Brendan/.rvm/gems/ruby-2.3.1/gems/actionpack-4.2.3/lib/action_dispatch/middleware/templates/routes/_route.html.erb (2.2ms)
  Rendered /Users/Brendan/.rvm/gems/ruby-2.3.1/gems/actionpack-4.2.3/lib/action_dispatch/middleware/templates/routes/_table.html.erb (3.5ms)
  Rendered /Users/Brendan/.rvm/gems/ruby-2.3.1/gems/actionpack-4.2.3/lib/action_dispatch/middleware/templates/rescues/_request_and_response.html.erb (1.8ms)
  Rendered /Users/Brendan/.rvm/gems/ruby-2.3.1/gems/actionpack-4.2.3/lib/action_dispatch/middleware/templates/rescues/routing_error.html.erb within rescues/layout (105.5ms)
  Rendered /Users/Brendan/.rvm/gems/ruby-2.3.1/gems/web-console-2.2.1/lib/web_console/templates/_markup.html.erb (0.6ms)
  Rendered /Users/Brendan/.rvm/gems/ruby-2.3.1/gems/web-console-2.2.1/lib/web_console/templates/_inner_console_markup.html.erb within layouts/inlined_string (0.7ms)
  Rendered /Users/Brendan/.rvm/gems/ruby-2.3.1/gems/web-console-2.2.1/lib/web_console/templates/_prompt_box_markup.html.erb within layouts/inlined_string (0.4ms)
  Rendered /Users/Brendan/.rvm/gems/ruby-2.3.1/gems/web-console-2.2.1/lib/web_console/templates/style.css.erb within layouts/inlined_string (0.4ms)
  Rendered /Users/Brendan/.rvm/gems/ruby-2.3.1/gems/web-console-2.2.1/lib/web_console/templates/console.js.erb within layouts/javascript (74.8ms)
  Rendered /Users/Brendan/.rvm/gems/ruby-2.3.1/gems/web-console-2.2.1/lib/web_console/templates/main.js.erb within layouts/javascript (0.4ms)
  Rendered /Users/Brendan/.rvm/gems/ruby-2.3.1/gems/web-console-2.2.1/lib/web_console/templates/error_page.js.erb within layouts/javascript (0.6ms)
  Rendered /Users/Brendan/.rvm/gems/ruby-2.3.1/gems/web-console-2.2.1/lib/web_console/templates/index.html.erb (169.3ms)


Started GET "/school_classes" for ::1 at 2017-11-28 17:25:20 -0500

ActionController::RoutingError (No route matches [GET] "/school_classes"):
  actionpack (4.2.3) lib/action_dispatch/middleware/debug_exceptions.rb:21:in `call'
  web-console (2.2.1) lib/web_console/middleware.rb:39:in `call'
  actionpack (4.2.3) lib/action_dispatch/middleware/show_exceptions.rb:30:in `call'
  railties (4.2.3) lib/rails/rack/logger.rb:38:in `call_app'
  railties (4.2.3) lib/rails/rack/logger.rb:20:in `block in call'
  activesupport (4.2.3) lib/active_support/tagged_logging.rb:68:in `block in tagged'
  activesupport (4.2.3) lib/active_support/tagged_logging.rb:26:in `tagged'
  activesupport (4.2.3) lib/active_support/tagged_logging.rb:68:in `tagged'
  railties (4.2.3) lib/rails/rack/logger.rb:20:in `call'
  actionpack (4.2.3) lib/action_dispatch/middleware/request_id.rb:21:in `call'
  rack (1.6.4) lib/rack/methodoverride.rb:22:in `call'
  rack (1.6.4) lib/rack/runtime.rb:18:in `call'
  activesupport (4.2.3) lib/active_support/cache/strategy/local_cache_middleware.rb:28:in `call'
  rack (1.6.4) lib/rack/lock.rb:17:in `call'
  actionpack (4.2.3) lib/action_dispatch/middleware/static.rb:116:in `call'
  rack (1.6.4) lib/rack/sendfile.rb:113:in `call'
  railties (4.2.3) lib/rails/engine.rb:518:in `call'
  railties (4.2.3) lib/rails/application.rb:165:in `call'
  rack (1.6.4) lib/rack/lock.rb:17:in `call'
  rack (1.6.4) lib/rack/content_length.rb:15:in `call'
  rack (1.6.4) lib/rack/handler/webrick.rb:88:in `service'
  /Users/Brendan/.rvm/rubies/ruby-2.3.1/lib/ruby/2.3.0/webrick/httpserver.rb:140:in `service'
  /Users/Brendan/.rvm/rubies/ruby-2.3.1/lib/ruby/2.3.0/webrick/httpserver.rb:96:in `run'
  /Users/Brendan/.rvm/rubies/ruby-2.3.1/lib/ruby/2.3.0/webrick/server.rb:296:in `block in start_thread'


  Rendered /Users/Brendan/.rvm/gems/ruby-2.3.1/gems/actionpack-4.2.3/lib/action_dispatch/middleware/templates/rescues/_trace.html.erb (4.2ms)
  Rendered /Users/Brendan/.rvm/gems/ruby-2.3.1/gems/actionpack-4.2.3/lib/action_dispatch/middleware/templates/routes/_route.html.erb (2.4ms)
  Rendered /Users/Brendan/.rvm/gems/ruby-2.3.1/gems/actionpack-4.2.3/lib/action_dispatch/middleware/templates/routes/_table.html.erb (4.4ms)
  Rendered /Users/Brendan/.rvm/gems/ruby-2.3.1/gems/actionpack-4.2.3/lib/action_dispatch/middleware/templates/rescues/_request_and_response.html.erb (2.3ms)
  Rendered /Users/Brendan/.rvm/gems/ruby-2.3.1/gems/actionpack-4.2.3/lib/action_dispatch/middleware/templates/rescues/routing_error.html.erb within rescues/layout (110.0ms)
  Rendered /Users/Brendan/.rvm/gems/ruby-2.3.1/gems/web-console-2.2.1/lib/web_console/templates/_markup.html.erb (0.8ms)
  Rendered /Users/Brendan/.rvm/gems/ruby-2.3.1/gems/web-console-2.2.1/lib/web_console/templates/_inner_console_markup.html.erb within layouts/inlined_string (0.7ms)
  Rendered /Users/Brendan/.rvm/gems/ruby-2.3.1/gems/web-console-2.2.1/lib/web_console/templates/_prompt_box_markup.html.erb within layouts/inlined_string (0.6ms)
  Rendered /Users/Brendan/.rvm/gems/ruby-2.3.1/gems/web-console-2.2.1/lib/web_console/templates/style.css.erb within layouts/inlined_string (0.5ms)
  Rendered /Users/Brendan/.rvm/gems/ruby-2.3.1/gems/web-console-2.2.1/lib/web_console/templates/console.js.erb within layouts/javascript (70.6ms)
  Rendered /Users/Brendan/.rvm/gems/ruby-2.3.1/gems/web-console-2.2.1/lib/web_console/templates/main.js.erb within layouts/javascript (0.9ms)
  Rendered /Users/Brendan/.rvm/gems/ruby-2.3.1/gems/web-console-2.2.1/lib/web_console/templates/error_page.js.erb within layouts/javascript (0.4ms)
  Rendered /Users/Brendan/.rvm/gems/ruby-2.3.1/gems/web-console-2.2.1/lib/web_console/templates/index.html.erb (160.4ms)


Started GET "/student/7/edit" for ::1 at 2017-11-28 17:25:46 -0500

ActionController::RoutingError (No route matches [GET] "/student/7/edit"):
  actionpack (4.2.3) lib/action_dispatch/middleware/debug_exceptions.rb:21:in `call'
  web-console (2.2.1) lib/web_console/middleware.rb:39:in `call'
  actionpack (4.2.3) lib/action_dispatch/middleware/show_exceptions.rb:30:in `call'
  railties (4.2.3) lib/rails/rack/logger.rb:38:in `call_app'
  railties (4.2.3) lib/rails/rack/logger.rb:20:in `block in call'
  activesupport (4.2.3) lib/active_support/tagged_logging.rb:68:in `block in tagged'
  activesupport (4.2.3) lib/active_support/tagged_logging.rb:26:in `tagged'
  activesupport (4.2.3) lib/active_support/tagged_logging.rb:68:in `tagged'
  railties (4.2.3) lib/rails/rack/logger.rb:20:in `call'
  actionpack (4.2.3) lib/action_dispatch/middleware/request_id.rb:21:in `call'
  rack (1.6.4) lib/rack/methodoverride.rb:22:in `call'
  rack (1.6.4) lib/rack/runtime.rb:18:in `call'
  activesupport (4.2.3) lib/active_support/cache/strategy/local_cache_middleware.rb:28:in `call'
  rack (1.6.4) lib/rack/lock.rb:17:in `call'
  actionpack (4.2.3) lib/action_dispatch/middleware/static.rb:116:in `call'
  rack (1.6.4) lib/rack/sendfile.rb:113:in `call'
  railties (4.2.3) lib/rails/engine.rb:518:in `call'
  railties (4.2.3) lib/rails/application.rb:165:in `call'
  rack (1.6.4) lib/rack/lock.rb:17:in `call'
  rack (1.6.4) lib/rack/content_length.rb:15:in `call'
  rack (1.6.4) lib/rack/handler/webrick.rb:88:in `service'
  /Users/Brendan/.rvm/rubies/ruby-2.3.1/lib/ruby/2.3.0/webrick/httpserver.rb:140:in `service'
  /Users/Brendan/.rvm/rubies/ruby-2.3.1/lib/ruby/2.3.0/webrick/httpserver.rb:96:in `run'
  /Users/Brendan/.rvm/rubies/ruby-2.3.1/lib/ruby/2.3.0/webrick/server.rb:296:in `block in start_thread'


  Rendered /Users/Brendan/.rvm/gems/ruby-2.3.1/gems/actionpack-4.2.3/lib/action_dispatch/middleware/templates/rescues/_trace.html.erb (3.6ms)
  Rendered /Users/Brendan/.rvm/gems/ruby-2.3.1/gems/actionpack-4.2.3/lib/action_dispatch/middleware/templates/routes/_route.html.erb (4.2ms)
  Rendered /Users/Brendan/.rvm/gems/ruby-2.3.1/gems/actionpack-4.2.3/lib/action_dispatch/middleware/templates/routes/_table.html.erb (2.2ms)
  Rendered /Users/Brendan/.rvm/gems/ruby-2.3.1/gems/actionpack-4.2.3/lib/action_dispatch/middleware/templates/rescues/_request_and_response.html.erb (3.6ms)
  Rendered /Users/Brendan/.rvm/gems/ruby-2.3.1/gems/actionpack-4.2.3/lib/action_dispatch/middleware/templates/rescues/routing_error.html.erb within rescues/layout (119.4ms)
  Rendered /Users/Brendan/.rvm/gems/ruby-2.3.1/gems/web-console-2.2.1/lib/web_console/templates/_markup.html.erb (0.8ms)
  Rendered /Users/Brendan/.rvm/gems/ruby-2.3.1/gems/web-console-2.2.1/lib/web_console/templates/_inner_console_markup.html.erb within layouts/inlined_string (0.6ms)
  Rendered /Users/Brendan/.rvm/gems/ruby-2.3.1/gems/web-console-2.2.1/lib/web_console/templates/_prompt_box_markup.html.erb within layouts/inlined_string (0.4ms)
  Rendered /Users/Brendan/.rvm/gems/ruby-2.3.1/gems/web-console-2.2.1/lib/web_console/templates/style.css.erb within layouts/inlined_string (0.4ms)
  Rendered /Users/Brendan/.rvm/gems/ruby-2.3.1/gems/web-console-2.2.1/lib/web_console/templates/console.js.erb within layouts/javascript (74.2ms)
  Rendered /Users/Brendan/.rvm/gems/ruby-2.3.1/gems/web-console-2.2.1/lib/web_console/templates/main.js.erb within layouts/javascript (0.7ms)
  Rendered /Users/Brendan/.rvm/gems/ruby-2.3.1/gems/web-console-2.2.1/lib/web_console/templates/error_page.js.erb within layouts/javascript (1.3ms)
  Rendered /Users/Brendan/.rvm/gems/ruby-2.3.1/gems/web-console-2.2.1/lib/web_console/templates/index.html.erb (160.7ms)


Started GET "/student/5/edit" for ::1 at 2017-11-28 17:26:11 -0500

ActionController::RoutingError (No route matches [GET] "/student/5/edit"):
  actionpack (4.2.3) lib/action_dispatch/middleware/debug_exceptions.rb:21:in `call'
  web-console (2.2.1) lib/web_console/middleware.rb:39:in `call'
  actionpack (4.2.3) lib/action_dispatch/middleware/show_exceptions.rb:30:in `call'
  railties (4.2.3) lib/rails/rack/logger.rb:38:in `call_app'
  railties (4.2.3) lib/rails/rack/logger.rb:20:in `block in call'
  activesupport (4.2.3) lib/active_support/tagged_logging.rb:68:in `block in tagged'
  activesupport (4.2.3) lib/active_support/tagged_logging.rb:26:in `tagged'
  activesupport (4.2.3) lib/active_support/tagged_logging.rb:68:in `tagged'
  railties (4.2.3) lib/rails/rack/logger.rb:20:in `call'
  actionpack (4.2.3) lib/action_dispatch/middleware/request_id.rb:21:in `call'
  rack (1.6.4) lib/rack/methodoverride.rb:22:in `call'
  rack (1.6.4) lib/rack/runtime.rb:18:in `call'
  activesupport (4.2.3) lib/active_support/cache/strategy/local_cache_middleware.rb:28:in `call'
  rack (1.6.4) lib/rack/lock.rb:17:in `call'
  actionpack (4.2.3) lib/action_dispatch/middleware/static.rb:116:in `call'
  rack (1.6.4) lib/rack/sendfile.rb:113:in `call'
  railties (4.2.3) lib/rails/engine.rb:518:in `call'
  railties (4.2.3) lib/rails/application.rb:165:in `call'
  rack (1.6.4) lib/rack/lock.rb:17:in `call'
  rack (1.6.4) lib/rack/content_length.rb:15:in `call'
  rack (1.6.4) lib/rack/handler/webrick.rb:88:in `service'
  /Users/Brendan/.rvm/rubies/ruby-2.3.1/lib/ruby/2.3.0/webrick/httpserver.rb:140:in `service'
  /Users/Brendan/.rvm/rubies/ruby-2.3.1/lib/ruby/2.3.0/webrick/httpserver.rb:96:in `run'
  /Users/Brendan/.rvm/rubies/ruby-2.3.1/lib/ruby/2.3.0/webrick/server.rb:296:in `block in start_thread'


  Rendered /Users/Brendan/.rvm/gems/ruby-2.3.1/gems/actionpack-4.2.3/lib/action_dispatch/middleware/templates/rescues/_trace.html.erb (3.6ms)
  Rendered /Users/Brendan/.rvm/gems/ruby-2.3.1/gems/actionpack-4.2.3/lib/action_dispatch/middleware/templates/routes/_route.html.erb (2.9ms)
  Rendered /Users/Brendan/.rvm/gems/ruby-2.3.1/gems/actionpack-4.2.3/lib/action_dispatch/middleware/templates/routes/_table.html.erb (2.6ms)
  Rendered /Users/Brendan/.rvm/gems/ruby-2.3.1/gems/actionpack-4.2.3/lib/action_dispatch/middleware/templates/rescues/_request_and_response.html.erb (2.5ms)
  Rendered /Users/Brendan/.rvm/gems/ruby-2.3.1/gems/actionpack-4.2.3/lib/action_dispatch/middleware/templates/rescues/routing_error.html.erb within rescues/layout (108.9ms)
  Rendered /Users/Brendan/.rvm/gems/ruby-2.3.1/gems/web-console-2.2.1/lib/web_console/templates/_markup.html.erb (0.6ms)
  Rendered /Users/Brendan/.rvm/gems/ruby-2.3.1/gems/web-console-2.2.1/lib/web_console/templates/_inner_console_markup.html.erb within layouts/inlined_string (1.0ms)
  Rendered /Users/Brendan/.rvm/gems/ruby-2.3.1/gems/web-console-2.2.1/lib/web_console/templates/_prompt_box_markup.html.erb within layouts/inlined_string (0.3ms)
  Rendered /Users/Brendan/.rvm/gems/ruby-2.3.1/gems/web-console-2.2.1/lib/web_console/templates/style.css.erb within layouts/inlined_string (0.6ms)
  Rendered /Users/Brendan/.rvm/gems/ruby-2.3.1/gems/web-console-2.2.1/lib/web_console/templates/console.js.erb within layouts/javascript (76.4ms)
  Rendered /Users/Brendan/.rvm/gems/ruby-2.3.1/gems/web-console-2.2.1/lib/web_console/templates/main.js.erb within layouts/javascript (2.1ms)
  Rendered /Users/Brendan/.rvm/gems/ruby-2.3.1/gems/web-console-2.2.1/lib/web_console/templates/error_page.js.erb within layouts/javascript (0.6ms)
  Rendered /Users/Brendan/.rvm/gems/ruby-2.3.1/gems/web-console-2.2.1/lib/web_console/templates/index.html.erb (177.3ms)


Started GET "/student/2/edit" for ::1 at 2017-11-28 17:26:18 -0500

ActionController::RoutingError (No route matches [GET] "/student/2/edit"):
  actionpack (4.2.3) lib/action_dispatch/middleware/debug_exceptions.rb:21:in `call'
  web-console (2.2.1) lib/web_console/middleware.rb:39:in `call'
  actionpack (4.2.3) lib/action_dispatch/middleware/show_exceptions.rb:30:in `call'
  railties (4.2.3) lib/rails/rack/logger.rb:38:in `call_app'
  railties (4.2.3) lib/rails/rack/logger.rb:20:in `block in call'
  activesupport (4.2.3) lib/active_support/tagged_logging.rb:68:in `block in tagged'
  activesupport (4.2.3) lib/active_support/tagged_logging.rb:26:in `tagged'
  activesupport (4.2.3) lib/active_support/tagged_logging.rb:68:in `tagged'
  railties (4.2.3) lib/rails/rack/logger.rb:20:in `call'
  actionpack (4.2.3) lib/action_dispatch/middleware/request_id.rb:21:in `call'
  rack (1.6.4) lib/rack/methodoverride.rb:22:in `call'
  rack (1.6.4) lib/rack/runtime.rb:18:in `call'
  activesupport (4.2.3) lib/active_support/cache/strategy/local_cache_middleware.rb:28:in `call'
  rack (1.6.4) lib/rack/lock.rb:17:in `call'
  actionpack (4.2.3) lib/action_dispatch/middleware/static.rb:116:in `call'
  rack (1.6.4) lib/rack/sendfile.rb:113:in `call'
  railties (4.2.3) lib/rails/engine.rb:518:in `call'
  railties (4.2.3) lib/rails/application.rb:165:in `call'
  rack (1.6.4) lib/rack/lock.rb:17:in `call'
  rack (1.6.4) lib/rack/content_length.rb:15:in `call'
  rack (1.6.4) lib/rack/handler/webrick.rb:88:in `service'
  /Users/Brendan/.rvm/rubies/ruby-2.3.1/lib/ruby/2.3.0/webrick/httpserver.rb:140:in `service'
  /Users/Brendan/.rvm/rubies/ruby-2.3.1/lib/ruby/2.3.0/webrick/httpserver.rb:96:in `run'
  /Users/Brendan/.rvm/rubies/ruby-2.3.1/lib/ruby/2.3.0/webrick/server.rb:296:in `block in start_thread'


  Rendered /Users/Brendan/.rvm/gems/ruby-2.3.1/gems/actionpack-4.2.3/lib/action_dispatch/middleware/templates/rescues/_trace.html.erb (2.8ms)
  Rendered /Users/Brendan/.rvm/gems/ruby-2.3.1/gems/actionpack-4.2.3/lib/action_dispatch/middleware/templates/routes/_route.html.erb (3.1ms)
  Rendered /Users/Brendan/.rvm/gems/ruby-2.3.1/gems/actionpack-4.2.3/lib/action_dispatch/middleware/templates/routes/_table.html.erb (15.2ms)
  Rendered /Users/Brendan/.rvm/gems/ruby-2.3.1/gems/actionpack-4.2.3/lib/action_dispatch/middleware/templates/rescues/_request_and_response.html.erb (4.3ms)
  Rendered /Users/Brendan/.rvm/gems/ruby-2.3.1/gems/actionpack-4.2.3/lib/action_dispatch/middleware/templates/rescues/routing_error.html.erb within rescues/layout (198.0ms)
  Rendered /Users/Brendan/.rvm/gems/ruby-2.3.1/gems/web-console-2.2.1/lib/web_console/templates/_markup.html.erb (1.9ms)
  Rendered /Users/Brendan/.rvm/gems/ruby-2.3.1/gems/web-console-2.2.1/lib/web_console/templates/_inner_console_markup.html.erb within layouts/inlined_string (0.7ms)
  Rendered /Users/Brendan/.rvm/gems/ruby-2.3.1/gems/web-console-2.2.1/lib/web_console/templates/_prompt_box_markup.html.erb within layouts/inlined_string (0.5ms)
  Rendered /Users/Brendan/.rvm/gems/ruby-2.3.1/gems/web-console-2.2.1/lib/web_console/templates/style.css.erb within layouts/inlined_string (5.5ms)
  Rendered /Users/Brendan/.rvm/gems/ruby-2.3.1/gems/web-console-2.2.1/lib/web_console/templates/console.js.erb within layouts/javascript (80.5ms)
  Rendered /Users/Brendan/.rvm/gems/ruby-2.3.1/gems/web-console-2.2.1/lib/web_console/templates/main.js.erb within layouts/javascript (0.3ms)
  Rendered /Users/Brendan/.rvm/gems/ruby-2.3.1/gems/web-console-2.2.1/lib/web_console/templates/error_page.js.erb within layouts/javascript (2.0ms)
  Rendered /Users/Brendan/.rvm/gems/ruby-2.3.1/gems/web-console-2.2.1/lib/web_console/templates/index.html.erb (189.6ms)


Started GET "/school_classes/5/edit" for ::1 at 2017-11-28 17:27:15 -0500

ActionController::RoutingError (No route matches [GET] "/school_classes/5/edit"):
  actionpack (4.2.3) lib/action_dispatch/middleware/debug_exceptions.rb:21:in `call'
  web-console (2.2.1) lib/web_console/middleware.rb:39:in `call'
  actionpack (4.2.3) lib/action_dispatch/middleware/show_exceptions.rb:30:in `call'
  railties (4.2.3) lib/rails/rack/logger.rb:38:in `call_app'
  railties (4.2.3) lib/rails/rack/logger.rb:20:in `block in call'
  activesupport (4.2.3) lib/active_support/tagged_logging.rb:68:in `block in tagged'
  activesupport (4.2.3) lib/active_support/tagged_logging.rb:26:in `tagged'
  activesupport (4.2.3) lib/active_support/tagged_logging.rb:68:in `tagged'
  railties (4.2.3) lib/rails/rack/logger.rb:20:in `call'
  actionpack (4.2.3) lib/action_dispatch/middleware/request_id.rb:21:in `call'
  rack (1.6.4) lib/rack/methodoverride.rb:22:in `call'
  rack (1.6.4) lib/rack/runtime.rb:18:in `call'
  activesupport (4.2.3) lib/active_support/cache/strategy/local_cache_middleware.rb:28:in `call'
  rack (1.6.4) lib/rack/lock.rb:17:in `call'
  actionpack (4.2.3) lib/action_dispatch/middleware/static.rb:116:in `call'
  rack (1.6.4) lib/rack/sendfile.rb:113:in `call'
  railties (4.2.3) lib/rails/engine.rb:518:in `call'
  railties (4.2.3) lib/rails/application.rb:165:in `call'
  rack (1.6.4) lib/rack/lock.rb:17:in `call'
  rack (1.6.4) lib/rack/content_length.rb:15:in `call'
  rack (1.6.4) lib/rack/handler/webrick.rb:88:in `service'
  /Users/Brendan/.rvm/rubies/ruby-2.3.1/lib/ruby/2.3.0/webrick/httpserver.rb:140:in `service'
  /Users/Brendan/.rvm/rubies/ruby-2.3.1/lib/ruby/2.3.0/webrick/httpserver.rb:96:in `run'
  /Users/Brendan/.rvm/rubies/ruby-2.3.1/lib/ruby/2.3.0/webrick/server.rb:296:in `block in start_thread'


  Rendered /Users/Brendan/.rvm/gems/ruby-2.3.1/gems/actionpack-4.2.3/lib/action_dispatch/middleware/templates/rescues/_trace.html.erb (1.5ms)
  Rendered /Users/Brendan/.rvm/gems/ruby-2.3.1/gems/actionpack-4.2.3/lib/action_dispatch/middleware/templates/routes/_route.html.erb (2.3ms)
  Rendered /Users/Brendan/.rvm/gems/ruby-2.3.1/gems/actionpack-4.2.3/lib/action_dispatch/middleware/templates/routes/_table.html.erb (3.1ms)
  Rendered /Users/Brendan/.rvm/gems/ruby-2.3.1/gems/actionpack-4.2.3/lib/action_dispatch/middleware/templates/rescues/_request_and_response.html.erb (5.8ms)
  Rendered /Users/Brendan/.rvm/gems/ruby-2.3.1/gems/actionpack-4.2.3/lib/action_dispatch/middleware/templates/rescues/routing_error.html.erb within rescues/layout (112.9ms)
  Rendered /Users/Brendan/.rvm/gems/ruby-2.3.1/gems/web-console-2.2.1/lib/web_console/templates/_markup.html.erb (0.7ms)
  Rendered /Users/Brendan/.rvm/gems/ruby-2.3.1/gems/web-console-2.2.1/lib/web_console/templates/_inner_console_markup.html.erb within layouts/inlined_string (0.4ms)
  Rendered /Users/Brendan/.rvm/gems/ruby-2.3.1/gems/web-console-2.2.1/lib/web_console/templates/_prompt_box_markup.html.erb within layouts/inlined_string (0.5ms)
  Rendered /Users/Brendan/.rvm/gems/ruby-2.3.1/gems/web-console-2.2.1/lib/web_console/templates/style.css.erb within layouts/inlined_string (0.7ms)
  Rendered /Users/Brendan/.rvm/gems/ruby-2.3.1/gems/web-console-2.2.1/lib/web_console/templates/console.js.erb within layouts/javascript (74.7ms)
  Rendered /Users/Brendan/.rvm/gems/ruby-2.3.1/gems/web-console-2.2.1/lib/web_console/templates/main.js.erb within layouts/javascript (0.8ms)
  Rendered /Users/Brendan/.rvm/gems/ruby-2.3.1/gems/web-console-2.2.1/lib/web_console/templates/error_page.js.erb within layouts/javascript (0.5ms)
  Rendered /Users/Brendan/.rvm/gems/ruby-2.3.1/gems/web-console-2.2.1/lib/web_console/templates/index.html.erb (169.4ms)


Started GET "/school_classes" for ::1 at 2017-11-28 17:27:20 -0500

ActionController::RoutingError (No route matches [GET] "/school_classes"):
  actionpack (4.2.3) lib/action_dispatch/middleware/debug_exceptions.rb:21:in `call'
  web-console (2.2.1) lib/web_console/middleware.rb:39:in `call'
  actionpack (4.2.3) lib/action_dispatch/middleware/show_exceptions.rb:30:in `call'
  railties (4.2.3) lib/rails/rack/logger.rb:38:in `call_app'
  railties (4.2.3) lib/rails/rack/logger.rb:20:in `block in call'
  activesupport (4.2.3) lib/active_support/tagged_logging.rb:68:in `block in tagged'
  activesupport (4.2.3) lib/active_support/tagged_logging.rb:26:in `tagged'
  activesupport (4.2.3) lib/active_support/tagged_logging.rb:68:in `tagged'
  railties (4.2.3) lib/rails/rack/logger.rb:20:in `call'
  actionpack (4.2.3) lib/action_dispatch/middleware/request_id.rb:21:in `call'
  rack (1.6.4) lib/rack/methodoverride.rb:22:in `call'
  rack (1.6.4) lib/rack/runtime.rb:18:in `call'
  activesupport (4.2.3) lib/active_support/cache/strategy/local_cache_middleware.rb:28:in `call'
  rack (1.6.4) lib/rack/lock.rb:17:in `call'
  actionpack (4.2.3) lib/action_dispatch/middleware/static.rb:116:in `call'
  rack (1.6.4) lib/rack/sendfile.rb:113:in `call'
  railties (4.2.3) lib/rails/engine.rb:518:in `call'
  railties (4.2.3) lib/rails/application.rb:165:in `call'
  rack (1.6.4) lib/rack/lock.rb:17:in `call'
  rack (1.6.4) lib/rack/content_length.rb:15:in `call'
  rack (1.6.4) lib/rack/handler/webrick.rb:88:in `service'
  /Users/Brendan/.rvm/rubies/ruby-2.3.1/lib/ruby/2.3.0/webrick/httpserver.rb:140:in `service'
  /Users/Brendan/.rvm/rubies/ruby-2.3.1/lib/ruby/2.3.0/webrick/httpserver.rb:96:in `run'
  /Users/Brendan/.rvm/rubies/ruby-2.3.1/lib/ruby/2.3.0/webrick/server.rb:296:in `block in start_thread'


  Rendered /Users/Brendan/.rvm/gems/ruby-2.3.1/gems/actionpack-4.2.3/lib/action_dispatch/middleware/templates/rescues/_trace.html.erb (1.4ms)
  Rendered /Users/Brendan/.rvm/gems/ruby-2.3.1/gems/actionpack-4.2.3/lib/action_dispatch/middleware/templates/routes/_route.html.erb (2.5ms)
  Rendered /Users/Brendan/.rvm/gems/ruby-2.3.1/gems/actionpack-4.2.3/lib/action_dispatch/middleware/templates/routes/_table.html.erb (1.0ms)
  Rendered /Users/Brendan/.rvm/gems/ruby-2.3.1/gems/actionpack-4.2.3/lib/action_dispatch/middleware/templates/rescues/_request_and_response.html.erb (1.2ms)
  Rendered /Users/Brendan/.rvm/gems/ruby-2.3.1/gems/actionpack-4.2.3/lib/action_dispatch/middleware/templates/rescues/routing_error.html.erb within rescues/layout (92.2ms)
  Rendered /Users/Brendan/.rvm/gems/ruby-2.3.1/gems/web-console-2.2.1/lib/web_console/templates/_markup.html.erb (0.3ms)
  Rendered /Users/Brendan/.rvm/gems/ruby-2.3.1/gems/web-console-2.2.1/lib/web_console/templates/_inner_console_markup.html.erb within layouts/inlined_string (0.3ms)
  Rendered /Users/Brendan/.rvm/gems/ruby-2.3.1/gems/web-console-2.2.1/lib/web_console/templates/_prompt_box_markup.html.erb within layouts/inlined_string (0.4ms)
  Rendered /Users/Brendan/.rvm/gems/ruby-2.3.1/gems/web-console-2.2.1/lib/web_console/templates/style.css.erb within layouts/inlined_string (0.4ms)
  Rendered /Users/Brendan/.rvm/gems/ruby-2.3.1/gems/web-console-2.2.1/lib/web_console/templates/console.js.erb within layouts/javascript (61.4ms)
  Rendered /Users/Brendan/.rvm/gems/ruby-2.3.1/gems/web-console-2.2.1/lib/web_console/templates/main.js.erb within layouts/javascript (0.3ms)
  Rendered /Users/Brendan/.rvm/gems/ruby-2.3.1/gems/web-console-2.2.1/lib/web_console/templates/error_page.js.erb within layouts/javascript (0.5ms)
  Rendered /Users/Brendan/.rvm/gems/ruby-2.3.1/gems/web-console-2.2.1/lib/web_console/templates/index.html.erb (134.0ms)


Started GET "/school_classes" for ::1 at 2017-11-28 17:27:55 -0500
Processing by SchoolClassesController#index as HTML
  [1m[35mSchoolClass Load (2.5ms)[0m  SELECT "school_classes".* FROM "school_classes"
  Rendered school_classes/index.html.erb within layouts/application (17.9ms)
Completed 200 OK in 90ms (Views: 78.5ms | ActiveRecord: 2.9ms)


Started GET "/school_classes/1" for ::1 at 2017-11-28 17:28:04 -0500
Processing by SchoolClassesController#show as HTML
  Parameters: {"id"=>"1"}
  [1m[36mSchoolClass Load (2.3ms)[0m  [1mSELECT  "school_classes".* FROM "school_classes" WHERE "school_classes"."id" = ? LIMIT 1[0m  [["id", 1]]
  Rendered school_classes/show.html.erb within layouts/application (0.9ms)
Completed 200 OK in 76ms (Views: 68.3ms | ActiveRecord: 2.3ms)


Started GET "/school_classes/1/edit" for ::1 at 2017-11-28 17:28:08 -0500
Processing by SchoolClassesController#edit as HTML
  Parameters: {"id"=>"1"}
  [1m[35mSchoolClass Load (0.1ms)[0m  SELECT  "school_classes".* FROM "school_classes" WHERE "school_classes"."id" = ? LIMIT 1  [["id", 1]]
  Rendered school_classes/edit.html.erb within layouts/application (4.0ms)
Completed 200 OK in 41ms (Views: 39.8ms | ActiveRecord: 0.1ms)


Started PATCH "/school_classes/1" for ::1 at 2017-11-28 17:28:15 -0500
Processing by SchoolClassesController#update as HTML
  Parameters: {"utf8"=>"✓", "authenticity_token"=>"QYZAIqG8yjROk3OH+ktfXfFTg8egAH/HfXrKrlEjCsSM8Ro7L6q46+sXgBw+gzp9yoBtpT9B4d770GrLtehChQ==", "school_class"=>{"title"=>"Fourth Grade", "room_number"=>"2"}, "commit"=>"Update School class", "id"=>"1"}
  [1m[36mSchoolClass Load (2.8ms)[0m  [1mSELECT  "school_classes".* FROM "school_classes" WHERE "school_classes"."id" = ? LIMIT 1[0m  [["id", 1]]
Unpermitted parameter: room_number
  [1m[35m (0.2ms)[0m  begin transaction
  [1m[36m (0.1ms)[0m  [1mcommit transaction[0m
Redirected to http://localhost:3000/school_classes/1
Completed 302 Found in 9ms (ActiveRecord: 3.0ms)


Started GET "/school_classes/1" for ::1 at 2017-11-28 17:28:15 -0500
Processing by SchoolClassesController#show as HTML
  Parameters: {"id"=>"1"}
  [1m[35mSchoolClass Load (0.2ms)[0m  SELECT  "school_classes".* FROM "school_classes" WHERE "school_classes"."id" = ? LIMIT 1  [["id", 1]]
  Rendered school_classes/show.html.erb within layouts/application (0.2ms)
Completed 200 OK in 54ms (Views: 52.0ms | ActiveRecord: 0.2ms)


Started GET "/school_classes/1" for ::1 at 2017-11-28 17:28:18 -0500
Processing by SchoolClassesController#show as HTML
  Parameters: {"id"=>"1"}
  [1m[36mSchoolClass Load (0.1ms)[0m  [1mSELECT  "school_classes".* FROM "school_classes" WHERE "school_classes"."id" = ? LIMIT 1[0m  [["id", 1]]
  Rendered school_classes/show.html.erb within layouts/application (0.1ms)
Completed 200 OK in 60ms (Views: 57.7ms | ActiveRecord: 0.1ms)


Started GET "/school_classes/1/edit" for ::1 at 2017-11-28 17:28:24 -0500
Processing by SchoolClassesController#edit as HTML
  Parameters: {"id"=>"1"}
  [1m[35mSchoolClass Load (0.1ms)[0m  SELECT  "school_classes".* FROM "school_classes" WHERE "school_classes"."id" = ? LIMIT 1  [["id", 1]]
  Rendered school_classes/edit.html.erb within layouts/application (1.9ms)
Completed 200 OK in 63ms (Views: 61.5ms | ActiveRecord: 0.1ms)


Started PATCH "/school_classes/1" for ::1 at 2017-11-28 17:28:29 -0500
Processing by SchoolClassesController#update as HTML
  Parameters: {"utf8"=>"✓", "authenticity_token"=>"7CBBmPcHSZ+xFm91GbZE44aso8eB3GaCs8hhfGwxEGQhVxuBeRE7QBSSnO7dfiHDvX9NpR6d+Js1YsEZiPpYJQ==", "school_class"=>{"title"=>"Fourth Grade", "room_number"=>"1"}, "commit"=>"Update School class", "id"=>"1"}
  [1m[36mSchoolClass Load (0.1ms)[0m  [1mSELECT  "school_classes".* FROM "school_classes" WHERE "school_classes"."id" = ? LIMIT 1[0m  [["id", 1]]
Unpermitted parameter: room_number
  [1m[35m (4.1ms)[0m  begin transaction
  [1m[36m (0.1ms)[0m  [1mcommit transaction[0m
Redirected to http://localhost:3000/school_classes/1
Completed 302 Found in 10ms (ActiveRecord: 4.3ms)


Started GET "/school_classes/1" for ::1 at 2017-11-28 17:28:29 -0500
Processing by SchoolClassesController#show as HTML
  Parameters: {"id"=>"1"}
  [1m[35mSchoolClass Load (0.1ms)[0m  SELECT  "school_classes".* FROM "school_classes" WHERE "school_classes"."id" = ? LIMIT 1  [["id", 1]]
  Rendered school_classes/show.html.erb within layouts/application (0.1ms)
Completed 200 OK in 59ms (Views: 58.4ms | ActiveRecord: 0.1ms)


Started GET "/school_classes/1/edit" for ::1 at 2017-11-28 17:29:20 -0500
Processing by SchoolClassesController#edit as HTML
  Parameters: {"id"=>"1"}
  [1m[36mSchoolClass Load (0.2ms)[0m  [1mSELECT  "school_classes".* FROM "school_classes" WHERE "school_classes"."id" = ? LIMIT 1[0m  [["id", 1]]
  Rendered school_classes/edit.html.erb within layouts/application (8.6ms)
Completed 200 OK in 115ms (Views: 98.5ms | ActiveRecord: 0.7ms)


Started PATCH "/school_classes/1" for ::1 at 2017-11-28 17:29:25 -0500
Processing by SchoolClassesController#update as HTML
  Parameters: {"utf8"=>"✓", "authenticity_token"=>"sL/sdxUBE95oG8gEk7Z3P5dCbg99huQhOsiK4sMr5UR9yLZumxdhAc2fO59XfhIfrJGAbeLHeji8YiqHJ+CtBQ==", "school_class"=>{"title"=>"Fourth Grade", "room_number"=>"1"}, "commit"=>"Update School class", "id"=>"1"}
  [1m[35mSchoolClass Load (0.1ms)[0m  SELECT  "school_classes".* FROM "school_classes" WHERE "school_classes"."id" = ? LIMIT 1  [["id", 1]]
Completed 500 Internal Server Error in 6ms (ActiveRecord: 0.1ms)

NoMethodError (undefined method `pry' for #<Binding:0x007fc46f683040>
Did you mean?  try):
  app/controllers/school_classes_controller.rb:26:in `update'


  Rendered /Users/Brendan/.rvm/gems/ruby-2.3.1/gems/actionpack-4.2.3/lib/action_dispatch/middleware/templates/rescues/_source.erb (6.7ms)
  Rendered /Users/Brendan/.rvm/gems/ruby-2.3.1/gems/actionpack-4.2.3/lib/action_dispatch/middleware/templates/rescues/_trace.html.erb (2.8ms)
  Rendered /Users/Brendan/.rvm/gems/ruby-2.3.1/gems/actionpack-4.2.3/lib/action_dispatch/middleware/templates/rescues/_request_and_response.html.erb (2.4ms)
  Rendered /Users/Brendan/.rvm/gems/ruby-2.3.1/gems/actionpack-4.2.3/lib/action_dispatch/middleware/templates/rescues/diagnostics.html.erb within rescues/layout (85.8ms)
  Rendered /Users/Brendan/.rvm/gems/ruby-2.3.1/gems/web-console-2.2.1/lib/web_console/templates/_markup.html.erb (0.6ms)
  Rendered /Users/Brendan/.rvm/gems/ruby-2.3.1/gems/web-console-2.2.1/lib/web_console/templates/_inner_console_markup.html.erb within layouts/inlined_string (0.6ms)
  Rendered /Users/Brendan/.rvm/gems/ruby-2.3.1/gems/web-console-2.2.1/lib/web_console/templates/_prompt_box_markup.html.erb within layouts/inlined_string (0.4ms)
  Rendered /Users/Brendan/.rvm/gems/ruby-2.3.1/gems/web-console-2.2.1/lib/web_console/templates/style.css.erb within layouts/inlined_string (0.7ms)
  Rendered /Users/Brendan/.rvm/gems/ruby-2.3.1/gems/web-console-2.2.1/lib/web_console/templates/console.js.erb within layouts/javascript (79.6ms)
  Rendered /Users/Brendan/.rvm/gems/ruby-2.3.1/gems/web-console-2.2.1/lib/web_console/templates/main.js.erb within layouts/javascript (0.5ms)
  Rendered /Users/Brendan/.rvm/gems/ruby-2.3.1/gems/web-console-2.2.1/lib/web_console/templates/error_page.js.erb within layouts/javascript (0.5ms)
  Rendered /Users/Brendan/.rvm/gems/ruby-2.3.1/gems/web-console-2.2.1/lib/web_console/templates/index.html.erb (171.4ms)


Started PATCH "/school_classes/1" for ::1 at 2017-11-28 17:29:39 -0500
Processing by SchoolClassesController#update as HTML
  Parameters: {"utf8"=>"✓", "authenticity_token"=>"sL/sdxUBE95oG8gEk7Z3P5dCbg99huQhOsiK4sMr5UR9yLZumxdhAc2fO59XfhIfrJGAbeLHeji8YiqHJ+CtBQ==", "school_class"=>{"title"=>"Fourth Grade", "room_number"=>"1"}, "commit"=>"Update School class", "id"=>"1"}
  [1m[36mSchoolClass Load (0.2ms)[0m  [1mSELECT  "school_classes".* FROM "school_classes" WHERE "school_classes"."id" = ? LIMIT 1[0m  [["id", 1]]


Started GET "/school_classes/1/edit" for ::1 at 2017-11-28 17:32:28 -0500
  [1m[36mActiveRecord::SchemaMigration Load (2.4ms)[0m  [1mSELECT "schema_migrations".* FROM "schema_migrations"[0m

SyntaxError (/Users/Brendan/learn-ing/module-2/rails-form_for-lab-web-103017/app/controllers/school_classes_controller.rb:28: syntax error, unexpected tIDENTIFIER, expecting ')'
	  redirect_to school_class_path(@school_class)
	             ^):
  app/controllers/school_classes_controller.rb:28: syntax error, unexpected tIDENTIFIER, expecting ')'


  Rendered /Users/Brendan/.rvm/gems/ruby-2.3.1/gems/actionpack-4.2.3/lib/action_dispatch/middleware/templates/rescues/_source.erb (4.6ms)
  Rendered /Users/Brendan/.rvm/gems/ruby-2.3.1/gems/actionpack-4.2.3/lib/action_dispatch/middleware/templates/rescues/_trace.html.erb (2.3ms)
  Rendered /Users/Brendan/.rvm/gems/ruby-2.3.1/gems/actionpack-4.2.3/lib/action_dispatch/middleware/templates/rescues/_request_and_response.html.erb (13.4ms)
  Rendered /Users/Brendan/.rvm/gems/ruby-2.3.1/gems/actionpack-4.2.3/lib/action_dispatch/middleware/templates/rescues/diagnostics.html.erb within rescues/layout (103.8ms)
  Rendered /Users/Brendan/.rvm/gems/ruby-2.3.1/gems/web-console-2.2.1/lib/web_console/templates/_markup.html.erb (0.7ms)
  Rendered /Users/Brendan/.rvm/gems/ruby-2.3.1/gems/web-console-2.2.1/lib/web_console/templates/_inner_console_markup.html.erb within layouts/inlined_string (0.4ms)
  Rendered /Users/Brendan/.rvm/gems/ruby-2.3.1/gems/web-console-2.2.1/lib/web_console/templates/_prompt_box_markup.html.erb within layouts/inlined_string (0.7ms)
  Rendered /Users/Brendan/.rvm/gems/ruby-2.3.1/gems/web-console-2.2.1/lib/web_console/templates/style.css.erb within layouts/inlined_string (1.2ms)
  Rendered /Users/Brendan/.rvm/gems/ruby-2.3.1/gems/web-console-2.2.1/lib/web_console/templates/console.js.erb within layouts/javascript (88.2ms)
  Rendered /Users/Brendan/.rvm/gems/ruby-2.3.1/gems/web-console-2.2.1/lib/web_console/templates/main.js.erb within layouts/javascript (0.3ms)
  Rendered /Users/Brendan/.rvm/gems/ruby-2.3.1/gems/web-console-2.2.1/lib/web_console/templates/error_page.js.erb within layouts/javascript (0.6ms)
  Rendered /Users/Brendan/.rvm/gems/ruby-2.3.1/gems/web-console-2.2.1/lib/web_console/templates/index.html.erb (201.3ms)


Started GET "/school_classes/info/routes" for ::1 at 2017-11-28 17:33:32 -0500

ActionController::RoutingError (No route matches [GET] "/school_classes/info/routes"):
  actionpack (4.2.3) lib/action_dispatch/middleware/debug_exceptions.rb:21:in `call'
  web-console (2.2.1) lib/web_console/middleware.rb:39:in `call'
  actionpack (4.2.3) lib/action_dispatch/middleware/show_exceptions.rb:30:in `call'
  railties (4.2.3) lib/rails/rack/logger.rb:38:in `call_app'
  railties (4.2.3) lib/rails/rack/logger.rb:20:in `block in call'
  activesupport (4.2.3) lib/active_support/tagged_logging.rb:68:in `block in tagged'
  activesupport (4.2.3) lib/active_support/tagged_logging.rb:26:in `tagged'
  activesupport (4.2.3) lib/active_support/tagged_logging.rb:68:in `tagged'
  railties (4.2.3) lib/rails/rack/logger.rb:20:in `call'
  actionpack (4.2.3) lib/action_dispatch/middleware/request_id.rb:21:in `call'
  rack (1.6.4) lib/rack/methodoverride.rb:22:in `call'
  rack (1.6.4) lib/rack/runtime.rb:18:in `call'
  activesupport (4.2.3) lib/active_support/cache/strategy/local_cache_middleware.rb:28:in `call'
  rack (1.6.4) lib/rack/lock.rb:17:in `call'
  actionpack (4.2.3) lib/action_dispatch/middleware/static.rb:116:in `call'
  rack (1.6.4) lib/rack/sendfile.rb:113:in `call'
  railties (4.2.3) lib/rails/engine.rb:518:in `call'
  railties (4.2.3) lib/rails/application.rb:165:in `call'
  rack (1.6.4) lib/rack/lock.rb:17:in `call'
  rack (1.6.4) lib/rack/content_length.rb:15:in `call'
  rack (1.6.4) lib/rack/handler/webrick.rb:88:in `service'
  /Users/Brendan/.rvm/rubies/ruby-2.3.1/lib/ruby/2.3.0/webrick/httpserver.rb:140:in `service'
  /Users/Brendan/.rvm/rubies/ruby-2.3.1/lib/ruby/2.3.0/webrick/httpserver.rb:96:in `run'
  /Users/Brendan/.rvm/rubies/ruby-2.3.1/lib/ruby/2.3.0/webrick/server.rb:296:in `block in start_thread'


  Rendered /Users/Brendan/.rvm/gems/ruby-2.3.1/gems/actionpack-4.2.3/lib/action_dispatch/middleware/templates/rescues/_trace.html.erb (4.4ms)
  Rendered /Users/Brendan/.rvm/gems/ruby-2.3.1/gems/actionpack-4.2.3/lib/action_dispatch/middleware/templates/routes/_route.html.erb (2.7ms)
  Rendered /Users/Brendan/.rvm/gems/ruby-2.3.1/gems/actionpack-4.2.3/lib/action_dispatch/middleware/templates/routes/_table.html.erb (35.1ms)
  Rendered /Users/Brendan/.rvm/gems/ruby-2.3.1/gems/actionpack-4.2.3/lib/action_dispatch/middleware/templates/rescues/_request_and_response.html.erb (5.2ms)
  Rendered /Users/Brendan/.rvm/gems/ruby-2.3.1/gems/actionpack-4.2.3/lib/action_dispatch/middleware/templates/rescues/routing_error.html.erb within rescues/layout (166.5ms)
  Rendered /Users/Brendan/.rvm/gems/ruby-2.3.1/gems/web-console-2.2.1/lib/web_console/templates/_markup.html.erb (0.7ms)
  Rendered /Users/Brendan/.rvm/gems/ruby-2.3.1/gems/web-console-2.2.1/lib/web_console/templates/_inner_console_markup.html.erb within layouts/inlined_string (0.8ms)
  Rendered /Users/Brendan/.rvm/gems/ruby-2.3.1/gems/web-console-2.2.1/lib/web_console/templates/_prompt_box_markup.html.erb within layouts/inlined_string (0.4ms)
  Rendered /Users/Brendan/.rvm/gems/ruby-2.3.1/gems/web-console-2.2.1/lib/web_console/templates/style.css.erb within layouts/inlined_string (0.4ms)
  Rendered /Users/Brendan/.rvm/gems/ruby-2.3.1/gems/web-console-2.2.1/lib/web_console/templates/console.js.erb within layouts/javascript (79.9ms)
  Rendered /Users/Brendan/.rvm/gems/ruby-2.3.1/gems/web-console-2.2.1/lib/web_console/templates/main.js.erb within layouts/javascript (0.6ms)
  Rendered /Users/Brendan/.rvm/gems/ruby-2.3.1/gems/web-console-2.2.1/lib/web_console/templates/error_page.js.erb within layouts/javascript (0.4ms)
  Rendered /Users/Brendan/.rvm/gems/ruby-2.3.1/gems/web-console-2.2.1/lib/web_console/templates/index.html.erb (177.4ms)


Started GET "/school_classes/1/edit" for ::1 at 2017-11-28 17:34:09 -0500

SyntaxError (/Users/Brendan/learn-ing/module-2/rails-form_for-lab-web-103017/app/controllers/school_classes_controller.rb:28: syntax error, unexpected tIDENTIFIER, expecting ')'
	  redirect_to school_class_path(@school_class.id)
	             ^):
  app/controllers/school_classes_controller.rb:28: syntax error, unexpected tIDENTIFIER, expecting ')'


  Rendered /Users/Brendan/.rvm/gems/ruby-2.3.1/gems/actionpack-4.2.3/lib/action_dispatch/middleware/templates/rescues/_source.erb (4.4ms)
  Rendered /Users/Brendan/.rvm/gems/ruby-2.3.1/gems/actionpack-4.2.3/lib/action_dispatch/middleware/templates/rescues/_trace.html.erb (3.0ms)
  Rendered /Users/Brendan/.rvm/gems/ruby-2.3.1/gems/actionpack-4.2.3/lib/action_dispatch/middleware/templates/rescues/_request_and_response.html.erb (2.3ms)
  Rendered /Users/Brendan/.rvm/gems/ruby-2.3.1/gems/actionpack-4.2.3/lib/action_dispatch/middleware/templates/rescues/diagnostics.html.erb within rescues/layout (93.7ms)
  Rendered /Users/Brendan/.rvm/gems/ruby-2.3.1/gems/web-console-2.2.1/lib/web_console/templates/_markup.html.erb (0.5ms)
  Rendered /Users/Brendan/.rvm/gems/ruby-2.3.1/gems/web-console-2.2.1/lib/web_console/templates/_inner_console_markup.html.erb within layouts/inlined_string (0.5ms)
  Rendered /Users/Brendan/.rvm/gems/ruby-2.3.1/gems/web-console-2.2.1/lib/web_console/templates/_prompt_box_markup.html.erb within layouts/inlined_string (0.6ms)
  Rendered /Users/Brendan/.rvm/gems/ruby-2.3.1/gems/web-console-2.2.1/lib/web_console/templates/style.css.erb within layouts/inlined_string (0.3ms)
  Rendered /Users/Brendan/.rvm/gems/ruby-2.3.1/gems/web-console-2.2.1/lib/web_console/templates/console.js.erb within layouts/javascript (72.9ms)
  Rendered /Users/Brendan/.rvm/gems/ruby-2.3.1/gems/web-console-2.2.1/lib/web_console/templates/main.js.erb within layouts/javascript (0.4ms)
  Rendered /Users/Brendan/.rvm/gems/ruby-2.3.1/gems/web-console-2.2.1/lib/web_console/templates/error_page.js.erb within layouts/javascript (0.5ms)
  Rendered /Users/Brendan/.rvm/gems/ruby-2.3.1/gems/web-console-2.2.1/lib/web_console/templates/index.html.erb (159.3ms)


Started GET "/school_classes/1/edit" for ::1 at 2017-11-28 17:34:30 -0500
Processing by SchoolClassesController#edit as HTML
  Parameters: {"id"=>"1"}
  [1m[35mSchoolClass Load (1.9ms)[0m  SELECT  "school_classes".* FROM "school_classes" WHERE "school_classes"."id" = ? LIMIT 1  [["id", 1]]
  Rendered school_classes/edit.html.erb within layouts/application (33.2ms)
Completed 200 OK in 409ms (Views: 359.4ms | ActiveRecord: 2.4ms)


Started PATCH "/school_classes/1" for ::1 at 2017-11-28 17:34:36 -0500
Processing by SchoolClassesController#update as HTML
  Parameters: {"utf8"=>"✓", "authenticity_token"=>"eHG5gkfu+ld6lb9nd2ohfK+CJ5fvzr3wQZyXZwdzsK61BuObyfiIiN8RTPyzokRclFHJ9XCPI+nHNjcC47j47w==", "school_class"=>{"title"=>"Fourth Grade", "room_number"=>"1"}, "commit"=>"Update School class", "id"=>"1"}
  [1m[36mSchoolClass Load (0.3ms)[0m  [1mSELECT  "school_classes".* FROM "school_classes" WHERE "school_classes"."id" = ? LIMIT 1[0m  [["id", 1]]
  [1m[35m (0.2ms)[0m  begin transaction
  [1m[36mSQL (3.5ms)[0m  [1mUPDATE "school_classes" SET "title" = ?, "room_number" = ? WHERE "school_classes"."id" = ?[0m  [["title", nil], ["room_number", nil], ["id", 1]]
  [1m[35m (2.7ms)[0m  commit transaction
Redirected to http://localhost:3000/school_classes/1
Completed 302 Found in 33ms (ActiveRecord: 6.8ms)


Started GET "/school_classes/1" for ::1 at 2017-11-28 17:34:36 -0500
Processing by SchoolClassesController#show as HTML
  Parameters: {"id"=>"1"}
  [1m[36mSchoolClass Load (0.1ms)[0m  [1mSELECT  "school_classes".* FROM "school_classes" WHERE "school_classes"."id" = ? LIMIT 1[0m  [["id", 1]]
  Rendered school_classes/show.html.erb within layouts/application (16.7ms)
Completed 200 OK in 98ms (Views: 96.1ms | ActiveRecord: 0.1ms)


Started GET "/school_classes/1" for ::1 at 2017-11-28 17:35:13 -0500
Processing by SchoolClassesController#show as HTML
  Parameters: {"id"=>"1"}
  [1m[35mSchoolClass Load (0.2ms)[0m  SELECT  "school_classes".* FROM "school_classes" WHERE "school_classes"."id" = ? LIMIT 1  [["id", 1]]
  Rendered school_classes/show.html.erb within layouts/application (0.5ms)
Completed 200 OK in 81ms (Views: 58.0ms | ActiveRecord: 1.1ms)


Started GET "/students" for ::1 at 2017-11-28 17:35:54 -0500
Processing by StudentsController#index as HTML
  [1m[36mStudent Load (2.4ms)[0m  [1mSELECT "students".* FROM "students"[0m
  Rendered students/index.html.erb within layouts/application (16.0ms)
Completed 200 OK in 80ms (Views: 71.1ms | ActiveRecord: 2.9ms)


Started GET "/students/new" for ::1 at 2017-11-28 17:36:00 -0500
Processing by StudentsController#new as HTML
  Rendered students/new.html.erb within layouts/application (3.6ms)
Completed 200 OK in 39ms (Views: 38.5ms | ActiveRecord: 0.0ms)


Started POST "/students" for ::1 at 2017-11-28 17:36:10 -0500
Processing by StudentsController#create as HTML
  Parameters: {"utf8"=>"✓", "authenticity_token"=>"6on5XzhMAGH56Ya2SAsb341JPkVDqvtqmnfDYxZIVmMn/qNGtlpyvlxtdS2Mw37/tprQJ9zrZXMc3WMG8oMeIg==", "student"=>{"first_name"=>"Bruce ", "last_name"=>"Springsteen"}, "commit"=>"Create Student"}
  [1m[35m (0.5ms)[0m  begin transaction
  [1m[36mSQL (3.8ms)[0m  [1mINSERT INTO "students" ("first_name", "last_name", "created_at", "updated_at") VALUES (?, ?, ?, ?)[0m  [["first_name", "Bruce "], ["last_name", "Springsteen"], ["created_at", "2017-11-28 22:36:10.733370"], ["updated_at", "2017-11-28 22:36:10.733370"]]
  [1m[35m (4.7ms)[0m  commit transaction
Redirected to http://localhost:3000/students/8
Completed 302 Found in 43ms (ActiveRecord: 9.0ms)


Started GET "/students/8" for ::1 at 2017-11-28 17:36:10 -0500
Processing by StudentsController#show as HTML
  Parameters: {"id"=>"8"}
  [1m[36mStudent Load (0.3ms)[0m  [1mSELECT  "students".* FROM "students" WHERE "students"."id" = ? LIMIT 1[0m  [["id", 8]]
  Rendered students/show.html.erb within layouts/application (0.7ms)
Completed 200 OK in 216ms (Views: 213.2ms | ActiveRecord: 0.3ms)


Started GET "/students" for ::1 at 2017-11-28 17:36:20 -0500
Processing by StudentsController#index as HTML
  [1m[35mStudent Load (0.1ms)[0m  SELECT "students".* FROM "students"
  Rendered students/index.html.erb within layouts/application (0.7ms)
Completed 200 OK in 50ms (Views: 49.6ms | ActiveRecord: 0.1ms)


Started GET "/students/8/edit" for ::1 at 2017-11-28 17:36:26 -0500
Processing by StudentsController#edit as HTML
  Parameters: {"id"=>"8"}
  [1m[36mStudent Load (0.4ms)[0m  [1mSELECT  "students".* FROM "students" WHERE "students"."id" = ? LIMIT 1[0m  [["id", 8]]
  Rendered students/edit.html.erb within layouts/application (1.8ms)
Completed 200 OK in 62ms (Views: 59.7ms | ActiveRecord: 0.4ms)


Started PATCH "/students/8" for ::1 at 2017-11-28 17:36:31 -0500
Processing by StudentsController#update as HTML
  Parameters: {"utf8"=>"✓", "authenticity_token"=>"nTuiz8mqPKGIG1GmMc4L/CFNTrqGOZ/sm99SP4pAQZJQTPjWR7xOfi2foj31Bm7cGp6g2Bl4AfUddfJabosJ0w==", "student"=>{"first_name"=>"Bruce ", "last_name"=>"Bernard"}, "commit"=>"Update Student", "id"=>"8"}
  [1m[35mStudent Load (0.1ms)[0m  SELECT  "students".* FROM "students" WHERE "students"."id" = ? LIMIT 1  [["id", 8]]
Unpermitted parameters: first_name, last_name
  [1m[36m (0.1ms)[0m  [1mbegin transaction[0m
  [1m[35m (1.1ms)[0m  commit transaction
Redirected to http://localhost:3000/students/8
Completed 302 Found in 6ms (ActiveRecord: 1.3ms)


Started GET "/students/8" for ::1 at 2017-11-28 17:36:31 -0500
Processing by StudentsController#show as HTML
  Parameters: {"id"=>"8"}
  [1m[36mStudent Load (0.5ms)[0m  [1mSELECT  "students".* FROM "students" WHERE "students"."id" = ? LIMIT 1[0m  [["id", 8]]
  Rendered students/show.html.erb within layouts/application (0.1ms)
Completed 200 OK in 75ms (Views: 69.2ms | ActiveRecord: 0.5ms)


Started GET "/students/8" for ::1 at 2017-11-28 17:36:58 -0500
Processing by StudentsController#show as HTML
  Parameters: {"id"=>"8"}
  [1m[35mStudent Load (0.2ms)[0m  SELECT  "students".* FROM "students" WHERE "students"."id" = ? LIMIT 1  [["id", 8]]
  Rendered students/show.html.erb within layouts/application (0.2ms)
Completed 200 OK in 112ms (Views: 91.5ms | ActiveRecord: 0.8ms)


Started GET "/students/8/edit" for ::1 at 2017-11-28 17:37:02 -0500
Processing by StudentsController#edit as HTML
  Parameters: {"id"=>"8"}
  [1m[36mStudent Load (0.1ms)[0m  [1mSELECT  "students".* FROM "students" WHERE "students"."id" = ? LIMIT 1[0m  [["id", 8]]
  Rendered students/edit.html.erb within layouts/application (2.4ms)
Completed 200 OK in 73ms (Views: 72.1ms | ActiveRecord: 0.1ms)


Started PATCH "/students/8" for ::1 at 2017-11-28 17:37:07 -0500
Processing by StudentsController#update as HTML
  Parameters: {"utf8"=>"✓", "authenticity_token"=>"rbjqwYjt1cox2XPfJeAyvp67m/c3H3+YyPRtyMfuh19gz7DYBvunFZRdgEThKFeepWh1lahe4YFOXs2tIyXPHg==", "student"=>{"first_name"=>"Bruce ", "last_name"=>"Turdburger"}, "commit"=>"Update Student", "id"=>"8"}
  [1m[35mStudent Load (0.2ms)[0m  SELECT  "students".* FROM "students" WHERE "students"."id" = ? LIMIT 1  [["id", 8]]
  [1m[36m (0.1ms)[0m  [1mbegin transaction[0m
  [1m[35mSQL (0.9ms)[0m  UPDATE "students" SET "last_name" = ?, "updated_at" = ? WHERE "students"."id" = ?  [["last_name", "Turdburger"], ["updated_at", "2017-11-28 22:37:07.378199"], ["id", 8]]
  [1m[36m (5.8ms)[0m  [1mcommit transaction[0m
Redirected to http://localhost:3000/students/8
Completed 302 Found in 13ms (ActiveRecord: 7.1ms)


Started GET "/students/8" for ::1 at 2017-11-28 17:37:07 -0500
Processing by StudentsController#show as HTML
  Parameters: {"id"=>"8"}
  [1m[35mStudent Load (0.1ms)[0m  SELECT  "students".* FROM "students" WHERE "students"."id" = ? LIMIT 1  [["id", 8]]
  Rendered students/show.html.erb within layouts/application (0.1ms)
Completed 200 OK in 106ms (Views: 104.2ms | ActiveRecord: 0.1ms)


Started GET "/students/8/edit" for ::1 at 2017-11-28 17:37:15 -0500
Processing by StudentsController#edit as HTML
  Parameters: {"id"=>"8"}
  [1m[36mStudent Load (0.1ms)[0m  [1mSELECT  "students".* FROM "students" WHERE "students"."id" = ? LIMIT 1[0m  [["id", 8]]
  Rendered students/edit.html.erb within layouts/application (1.6ms)
Completed 200 OK in 39ms (Views: 37.3ms | ActiveRecord: 0.1ms)


Started PATCH "/students/8" for ::1 at 2017-11-28 17:37:21 -0500
Processing by StudentsController#update as HTML
  Parameters: {"utf8"=>"✓", "authenticity_token"=>"DdJ24aEgF4LIrdTf8/9VkeBQ/bSvqDrlwe1PQALIczbApSz4LzZlXW0pJ0Q3NzCx24MT1jDppPxHR+8l5gM7dw==", "student"=>{"first_name"=>"Ass face", "last_name"=>"Turdburger"}, "commit"=>"Update Student", "id"=>"8"}
  [1m[35mStudent Load (0.1ms)[0m  SELECT  "students".* FROM "students" WHERE "students"."id" = ? LIMIT 1  [["id", 8]]
  [1m[36m (0.1ms)[0m  [1mbegin transaction[0m
  [1m[35mSQL (0.5ms)[0m  UPDATE "students" SET "first_name" = ?, "updated_at" = ? WHERE "students"."id" = ?  [["first_name", "Ass face"], ["updated_at", "2017-11-28 22:37:21.495890"], ["id", 8]]
  [1m[36m (7.1ms)[0m  [1mcommit transaction[0m
Redirected to http://localhost:3000/students/8
Completed 302 Found in 14ms (ActiveRecord: 7.8ms)


Started GET "/students/8" for ::1 at 2017-11-28 17:37:21 -0500
Processing by StudentsController#show as HTML
  Parameters: {"id"=>"8"}
  [1m[35mStudent Load (0.2ms)[0m  SELECT  "students".* FROM "students" WHERE "students"."id" = ? LIMIT 1  [["id", 8]]
  Rendered students/show.html.erb within layouts/application (0.1ms)
Completed 200 OK in 119ms (Views: 112.4ms | ActiveRecord: 0.2ms)


Started GET "/students" for ::1 at 2017-11-28 17:37:25 -0500
Processing by StudentsController#index as HTML
  [1m[36mStudent Load (0.2ms)[0m  [1mSELECT "students".* FROM "students"[0m
  Rendered students/index.html.erb within layouts/application (0.9ms)
Completed 200 OK in 28ms (Views: 27.2ms | ActiveRecord: 0.2ms)


Started GET "/student_classes" for ::1 at 2017-11-28 17:37:56 -0500

ActionController::RoutingError (No route matches [GET] "/student_classes"):
  actionpack (4.2.3) lib/action_dispatch/middleware/debug_exceptions.rb:21:in `call'
  web-console (2.2.1) lib/web_console/middleware.rb:39:in `call'
  actionpack (4.2.3) lib/action_dispatch/middleware/show_exceptions.rb:30:in `call'
  railties (4.2.3) lib/rails/rack/logger.rb:38:in `call_app'
  railties (4.2.3) lib/rails/rack/logger.rb:20:in `block in call'
  activesupport (4.2.3) lib/active_support/tagged_logging.rb:68:in `block in tagged'
  activesupport (4.2.3) lib/active_support/tagged_logging.rb:26:in `tagged'
  activesupport (4.2.3) lib/active_support/tagged_logging.rb:68:in `tagged'
  railties (4.2.3) lib/rails/rack/logger.rb:20:in `call'
  actionpack (4.2.3) lib/action_dispatch/middleware/request_id.rb:21:in `call'
  rack (1.6.4) lib/rack/methodoverride.rb:22:in `call'
  rack (1.6.4) lib/rack/runtime.rb:18:in `call'
  activesupport (4.2.3) lib/active_support/cache/strategy/local_cache_middleware.rb:28:in `call'
  rack (1.6.4) lib/rack/lock.rb:17:in `call'
  actionpack (4.2.3) lib/action_dispatch/middleware/static.rb:116:in `call'
  rack (1.6.4) lib/rack/sendfile.rb:113:in `call'
  railties (4.2.3) lib/rails/engine.rb:518:in `call'
  railties (4.2.3) lib/rails/application.rb:165:in `call'
  rack (1.6.4) lib/rack/lock.rb:17:in `call'
  rack (1.6.4) lib/rack/content_length.rb:15:in `call'
  rack (1.6.4) lib/rack/handler/webrick.rb:88:in `service'
  /Users/Brendan/.rvm/rubies/ruby-2.3.1/lib/ruby/2.3.0/webrick/httpserver.rb:140:in `service'
  /Users/Brendan/.rvm/rubies/ruby-2.3.1/lib/ruby/2.3.0/webrick/httpserver.rb:96:in `run'
  /Users/Brendan/.rvm/rubies/ruby-2.3.1/lib/ruby/2.3.0/webrick/server.rb:296:in `block in start_thread'


  Rendered /Users/Brendan/.rvm/gems/ruby-2.3.1/gems/actionpack-4.2.3/lib/action_dispatch/middleware/templates/rescues/_trace.html.erb (2.6ms)
  Rendered /Users/Brendan/.rvm/gems/ruby-2.3.1/gems/actionpack-4.2.3/lib/action_dispatch/middleware/templates/routes/_route.html.erb (1.9ms)
  Rendered /Users/Brendan/.rvm/gems/ruby-2.3.1/gems/actionpack-4.2.3/lib/action_dispatch/middleware/templates/routes/_table.html.erb (2.9ms)
  Rendered /Users/Brendan/.rvm/gems/ruby-2.3.1/gems/actionpack-4.2.3/lib/action_dispatch/middleware/templates/rescues/_request_and_response.html.erb (1.9ms)
  Rendered /Users/Brendan/.rvm/gems/ruby-2.3.1/gems/actionpack-4.2.3/lib/action_dispatch/middleware/templates/rescues/routing_error.html.erb within rescues/layout (101.7ms)
  Rendered /Users/Brendan/.rvm/gems/ruby-2.3.1/gems/web-console-2.2.1/lib/web_console/templates/_markup.html.erb (0.5ms)
  Rendered /Users/Brendan/.rvm/gems/ruby-2.3.1/gems/web-console-2.2.1/lib/web_console/templates/_inner_console_markup.html.erb within layouts/inlined_string (0.5ms)
  Rendered /Users/Brendan/.rvm/gems/ruby-2.3.1/gems/web-console-2.2.1/lib/web_console/templates/_prompt_box_markup.html.erb within layouts/inlined_string (0.3ms)
  Rendered /Users/Brendan/.rvm/gems/ruby-2.3.1/gems/web-console-2.2.1/lib/web_console/templates/style.css.erb within layouts/inlined_string (0.3ms)
  Rendered /Users/Brendan/.rvm/gems/ruby-2.3.1/gems/web-console-2.2.1/lib/web_console/templates/console.js.erb within layouts/javascript (73.6ms)
  Rendered /Users/Brendan/.rvm/gems/ruby-2.3.1/gems/web-console-2.2.1/lib/web_console/templates/main.js.erb within layouts/javascript (0.4ms)
  Rendered /Users/Brendan/.rvm/gems/ruby-2.3.1/gems/web-console-2.2.1/lib/web_console/templates/error_page.js.erb within layouts/javascript (0.7ms)
  Rendered /Users/Brendan/.rvm/gems/ruby-2.3.1/gems/web-console-2.2.1/lib/web_console/templates/index.html.erb (159.0ms)


Started GET "/school_classes" for ::1 at 2017-11-28 17:38:05 -0500
Processing by SchoolClassesController#index as HTML
  [1m[35mSchoolClass Load (0.4ms)[0m  SELECT "school_classes".* FROM "school_classes"
  Rendered school_classes/index.html.erb within layouts/application (8.3ms)
Completed 200 OK in 75ms (Views: 68.6ms | ActiveRecord: 0.9ms)


Started GET "/school_classes/new" for ::1 at 2017-11-28 17:38:12 -0500
Processing by SchoolClassesController#new as HTML
  Rendered school_classes/new.html.erb within layouts/application (2.8ms)
Completed 200 OK in 36ms (Views: 35.1ms | ActiveRecord: 0.0ms)


Started POST "/school_classes" for ::1 at 2017-11-28 17:38:19 -0500
Processing by SchoolClassesController#create as HTML
  Parameters: {"utf8"=>"✓", "authenticity_token"=>"TSUvit41Ad5mrqpEyWxIvQ3oajzcN3LY7UDjLViiop2AUnWTUCNzAcMqWd8NpC2dNjuEXkN27MFr6kNIvGnq3A==", "school_class"=>{"title"=>"The Bitches", "room_number"=>"69"}, "commit"=>"Create School class"}
  [1m[36m (0.3ms)[0m  [1mbegin transaction[0m
  [1m[35mSQL (1.7ms)[0m  INSERT INTO "school_classes" ("title", "room_number") VALUES (?, ?)  [["title", "The Bitches"], ["room_number", 69]]
  [1m[36m (5.2ms)[0m  [1mcommit transaction[0m
Redirected to http://localhost:3000/school_classes/3
Completed 302 Found in 22ms (ActiveRecord: 7.2ms)


Started GET "/school_classes/3" for ::1 at 2017-11-28 17:38:19 -0500
Processing by SchoolClassesController#show as HTML
  Parameters: {"id"=>"3"}
  [1m[35mSchoolClass Load (0.2ms)[0m  SELECT  "school_classes".* FROM "school_classes" WHERE "school_classes"."id" = ? LIMIT 1  [["id", 3]]
  Rendered school_classes/show.html.erb within layouts/application (0.1ms)
Completed 200 OK in 130ms (Views: 120.1ms | ActiveRecord: 0.2ms)


Started GET "/school_classes/3/edit" for ::1 at 2017-11-28 17:38:23 -0500
Processing by SchoolClassesController#edit as HTML
  Parameters: {"id"=>"3"}
  [1m[36mSchoolClass Load (0.1ms)[0m  [1mSELECT  "school_classes".* FROM "school_classes" WHERE "school_classes"."id" = ? LIMIT 1[0m  [["id", 3]]
  Rendered school_classes/edit.html.erb within layouts/application (2.0ms)
Completed 200 OK in 36ms (Views: 35.1ms | ActiveRecord: 0.1ms)


Started PATCH "/school_classes/3" for ::1 at 2017-11-28 17:38:26 -0500
Processing by SchoolClassesController#update as HTML
  Parameters: {"utf8"=>"✓", "authenticity_token"=>"U6L0sneHs0nUC+XkQH6mtsP7TTJ84PU8LUrrGxWogX+e1a6r+ZHBlnGPFn+EtsOW+CijUOOhayWr4Et+8WPJPg==", "school_class"=>{"title"=>"The Bitches", "room_number"=>"45"}, "commit"=>"Update School class", "id"=>"3"}
  [1m[35mSchoolClass Load (0.1ms)[0m  SELECT  "school_classes".* FROM "school_classes" WHERE "school_classes"."id" = ? LIMIT 1  [["id", 3]]
  [1m[36m (0.1ms)[0m  [1mbegin transaction[0m
  [1m[35mSQL (0.8ms)[0m  UPDATE "school_classes" SET "room_number" = ? WHERE "school_classes"."id" = ?  [["room_number", 45], ["id", 3]]
  [1m[36m (1.1ms)[0m  [1mcommit transaction[0m
Redirected to http://localhost:3000/school_classes/3
Completed 302 Found in 7ms (ActiveRecord: 2.2ms)


Started GET "/school_classes/3" for ::1 at 2017-11-28 17:38:26 -0500
Processing by SchoolClassesController#show as HTML
  Parameters: {"id"=>"3"}
  [1m[35mSchoolClass Load (0.2ms)[0m  SELECT  "school_classes".* FROM "school_classes" WHERE "school_classes"."id" = ? LIMIT 1  [["id", 3]]
  Rendered school_classes/show.html.erb within layouts/application (0.1ms)
Completed 200 OK in 57ms (Views: 53.2ms | ActiveRecord: 0.2ms)
